TN:
SF:src/App.vue
FN:13,render
FNF:1
FNH:0
FNDA:0,render
DA:3,0
DA:6,0
DA:7,0
DA:8,0
DA:14,0
DA:15,0
DA:16,0
LF:7
LH:0
BRF:0
BRH:0
end_of_record
TN:
SF:src/components/AlertComponent.vue
FN:22,(anonymous_0)
FN:28,(anonymous_1)
FN:58,render
FNF:3
FNH:3
FNDA:1,(anonymous_0)
FNDA:1,(anonymous_1)
FNDA:1,render
DA:4,1
DA:7,1
DA:8,1
DA:24,1
DA:25,1
DA:26,1
DA:28,1
DA:33,1
DA:35,1
DA:38,1
DA:39,1
DA:40,1
DA:43,1
DA:46,1
DA:53,1
DA:57,1
DA:59,1
DA:65,1
LF:18
LH:18
BRDA:24,0,0,1
BRDA:24,0,1,0
BRDA:25,1,0,0
BRDA:25,1,1,1
BRDA:28,2,0,0
BRDA:28,2,1,1
BRDA:64,3,0,0
BRDA:64,3,1,1
BRF:8
BRH:4
end_of_record
TN:
SF:src/components/BannerContainer.vue
FN:36,(anonymous_0)
FN:54,render
FNF:2
FNH:0
FNDA:0,(anonymous_0)
FNDA:0,render
DA:4,0
DA:7,0
DA:8,0
DA:37,0
DA:43,0
DA:45,0
DA:48,0
DA:49,0
DA:50,0
DA:51,0
DA:55,0
DA:81,0
LF:12
LH:0
BRDA:37,0,0,0
BRDA:37,0,1,0
BRDA:62,1,0,0
BRDA:62,1,1,0
BRF:4
BRH:0
end_of_record
TN:
SF:src/components/Button.vue
FN:33,(anonymous_0)
FN:60,render
FNF:2
FNH:2
FNDA:46,(anonymous_0)
FNDA:46,render
DA:4,26
DA:7,26
DA:8,26
DA:37,46
DA:38,15
DA:39,31
DA:40,6
DA:42,25
DA:44,46
DA:45,46
DA:46,46
DA:47,46
DA:53,26
DA:55,26
DA:58,26
DA:59,26
DA:61,46
DA:64,26
LF:18
LH:18
BRDA:37,0,0,15
BRDA:37,0,1,31
BRDA:39,1,0,6
BRDA:39,1,1,25
BRDA:44,2,0,46
BRDA:44,2,1,0
BRDA:45,3,0,15
BRDA:45,3,1,31
BRDA:46,4,0,0
BRDA:46,4,1,46
BRF:10
BRH:8
end_of_record
TN:
SF:src/components/GlassCard.vue
FN:23,render
FNF:1
FNH:1
FNDA:22,render
DA:4,3
DA:7,3
DA:8,3
DA:13,3
DA:15,3
DA:18,3
DA:19,3
DA:20,3
DA:24,22
DA:25,3
LF:10
LH:10
BRF:0
BRH:0
end_of_record
TN:
SF:src/components/Layout.vue
FN:108,render
FN:117,(anonymous_1)
FN:121,(anonymous_2)
FNF:3
FNH:2
FNDA:1,render
FNDA:1,(anonymous_1)
FNDA:0,(anonymous_2)
DA:4,1
DA:7,1
DA:8,1
DA:33,1
DA:35,1
DA:38,1
DA:39,1
DA:40,1
DA:43,1
DA:46,1
DA:53,1
DA:56,1
DA:60,1
DA:64,1
DA:67,1
DA:70,1
DA:73,1
DA:76,1
DA:79,1
DA:91,1
DA:94,1
DA:95,1
DA:105,1
DA:106,1
DA:109,1
DA:110,1
DA:111,1
DA:117,1
DA:121,0
DA:123,1
LF:30
LH:29
BRDA:121,0,0,1
BRDA:121,0,1,1
BRF:2
BRH:2
end_of_record
TN:
SF:src/components/LogoContainer.vue
FN:36,(anonymous_0)
FN:54,render
FNF:2
FNH:2
FNDA:21,(anonymous_0)
FNDA:21,render
DA:4,13
DA:7,13
DA:8,13
DA:37,21
DA:43,13
DA:45,13
DA:48,13
DA:49,13
DA:50,13
DA:51,13
DA:55,21
DA:81,13
LF:12
LH:12
BRDA:37,0,0,19
BRDA:37,0,1,2
BRDA:62,1,0,19
BRDA:62,1,1,2
BRF:4
BRH:4
end_of_record
TN:
SF:src/components/ModalComponent.vue
FN:34,render
FN:41,(anonymous_1)
FN:44,(anonymous_2)
FNF:3
FNH:1
FNDA:10,render
FNDA:0,(anonymous_1)
FNDA:0,(anonymous_2)
DA:4,4
DA:7,4
DA:8,4
DA:18,4
DA:20,4
DA:23,4
DA:24,4
DA:25,4
DA:28,4
DA:31,4
DA:35,10
DA:41,0
DA:44,0
DA:46,4
LF:14
LH:12
BRDA:41,0,0,10
BRDA:41,0,1,6
BRDA:44,1,0,10
BRDA:44,1,1,6
BRF:4
BRH:4
end_of_record
TN:
SF:src/components/TableComponent.vue
FN:24,(anonymous_0)
FN:38,render
FN:45,(anonymous_2)
FN:50,(anonymous_3)
FN:53,(anonymous_4)
FNF:5
FNH:5
FNDA:2,(anonymous_0)
FNDA:2,render
FNDA:4,(anonymous_2)
FNDA:3,(anonymous_3)
FNDA:12,(anonymous_4)
DA:4,2
DA:7,2
DA:8,2
DA:25,2
DA:31,2
DA:33,2
DA:36,2
DA:37,2
DA:39,2
DA:46,4
DA:51,3
DA:54,12
DA:62,2
LF:13
LH:13
BRDA:25,0,0,0
BRDA:25,0,1,2
BRF:2
BRH:1
end_of_record
TN:
SF:src/plugins/axios.js
FN:11,(anonymous_0)
FN:22,(anonymous_1)
FN:29,(anonymous_2)
FN:32,(anonymous_3)
FNF:4
FNH:0
FNDA:0,(anonymous_0)
FNDA:0,(anonymous_1)
FNDA:0,(anonymous_2)
FNDA:0,(anonymous_3)
DA:3,0
DA:4,0
DA:6,0
DA:7,0
DA:10,0
DA:14,0
DA:16,0
DA:18,0
DA:20,0
DA:23,0
DA:28,0
DA:30,0
DA:33,0
DA:35,0
DA:36,0
DA:38,0
DA:39,0
DA:41,0
DA:43,0
DA:45,0
DA:47,0
DA:49,0
DA:50,0
DA:51,0
DA:54,0
LF:25
LH:0
BRDA:16,0,0,0
BRDA:16,0,1,0
BRDA:16,1,0,0
BRDA:16,1,1,0
BRDA:35,2,0,0
BRDA:35,2,1,0
BRDA:35,3,0,0
BRDA:35,3,1,0
BRF:8
BRH:0
end_of_record
TN:
SF:src/router/index.js
FN:30,(anonymous_0)
FN:37,(anonymous_1)
FN:45,(anonymous_2)
FN:52,(anonymous_3)
FN:59,(anonymous_4)
FN:66,(anonymous_5)
FN:72,(anonymous_6)
FN:80,(anonymous_7)
FN:90,(anonymous_8)
FN:99,(anonymous_9)
FN:109,(anonymous_10)
FN:117,(anonymous_11)
FN:127,(anonymous_12)
FN:137,(anonymous_13)
FN:145,(anonymous_14)
FN:153,(anonymous_15)
FN:161,(anonymous_16)
FN:171,(anonymous_17)
FN:179,(anonymous_18)
FN:189,(anonymous_19)
FN:199,(anonymous_20)
FN:207,(anonymous_21)
FN:215,(anonymous_22)
FN:222,(anonymous_23)
FN:229,(anonymous_24)
FN:236,(anonymous_25)
FN:243,(anonymous_26)
FN:250,(anonymous_27)
FN:257,(anonymous_28)
FN:264,(anonymous_29)
FN:271,(anonymous_30)
FN:278,(anonymous_31)
FN:285,(anonymous_32)
FN:292,(anonymous_33)
FN:299,(anonymous_34)
FN:313,(anonymous_35)
FN:321,(anonymous_36)
FN:328,(anonymous_37)
FN:335,(anonymous_38)
FN:344,(anonymous_39)
FN:352,(anonymous_40)
FN:354,(anonymous_41)
FN:360,(anonymous_42)
FNF:43
FNH:0
FNDA:0,(anonymous_0)
FNDA:0,(anonymous_1)
FNDA:0,(anonymous_2)
FNDA:0,(anonymous_3)
FNDA:0,(anonymous_4)
FNDA:0,(anonymous_5)
FNDA:0,(anonymous_6)
FNDA:0,(anonymous_7)
FNDA:0,(anonymous_8)
FNDA:0,(anonymous_9)
FNDA:0,(anonymous_10)
FNDA:0,(anonymous_11)
FNDA:0,(anonymous_12)
FNDA:0,(anonymous_13)
FNDA:0,(anonymous_14)
FNDA:0,(anonymous_15)
FNDA:0,(anonymous_16)
FNDA:0,(anonymous_17)
FNDA:0,(anonymous_18)
FNDA:0,(anonymous_19)
FNDA:0,(anonymous_20)
FNDA:0,(anonymous_21)
FNDA:0,(anonymous_22)
FNDA:0,(anonymous_23)
FNDA:0,(anonymous_24)
FNDA:0,(anonymous_25)
FNDA:0,(anonymous_26)
FNDA:0,(anonymous_27)
FNDA:0,(anonymous_28)
FNDA:0,(anonymous_29)
FNDA:0,(anonymous_30)
FNDA:0,(anonymous_31)
FNDA:0,(anonymous_32)
FNDA:0,(anonymous_33)
FNDA:0,(anonymous_34)
FNDA:0,(anonymous_35)
FNDA:0,(anonymous_36)
FNDA:0,(anonymous_37)
FNDA:0,(anonymous_38)
FNDA:0,(anonymous_39)
FNDA:0,(anonymous_40)
FNDA:0,(anonymous_41)
FNDA:0,(anonymous_42)
DA:6,2
DA:30,0
DA:37,0
DA:46,0
DA:52,0
DA:59,0
DA:66,0
DA:72,0
DA:81,0
DA:91,0
DA:100,0
DA:110,0
DA:118,0
DA:128,0
DA:138,0
DA:146,0
DA:154,0
DA:162,0
DA:172,0
DA:180,0
DA:190,0
DA:200,0
DA:208,0
DA:215,0
DA:222,0
DA:229,0
DA:236,0
DA:243,0
DA:250,0
DA:257,0
DA:264,0
DA:271,0
DA:278,0
DA:285,0
DA:292,0
DA:299,0
DA:313,0
DA:321,0
DA:328,0
DA:335,0
DA:345,0
DA:348,2
DA:352,2
DA:353,0
DA:354,0
DA:355,0
DA:356,0
DA:358,0
DA:360,0
DA:361,0
DA:362,0
DA:364,0
DA:365,0
DA:368,0
LF:54
LH:3
BRDA:354,0,0,0
BRDA:354,0,1,0
BRDA:355,1,0,0
BRDA:355,1,1,0
BRDA:360,2,0,0
BRDA:360,2,1,0
BRDA:361,3,0,0
BRDA:361,3,1,0
BRF:8
BRH:0
end_of_record
TN:
SF:src/services/authService.js
FN:3,(anonymous_0)
FN:6,(anonymous_1)
FN:9,(anonymous_2)
FN:12,(anonymous_3)
FN:16,(anonymous_4)
FN:20,(anonymous_5)
FN:23,(anonymous_6)
FN:26,(anonymous_7)
FN:29,(anonymous_8)
FN:32,(anonymous_9)
FN:41,(anonymous_10)
FN:45,(anonymous_11)
FN:49,(anonymous_12)
FN:53,(anonymous_13)
FN:57,(anonymous_14)
FNF:15
FNH:6
FNDA:0,(anonymous_0)
FNDA:1,(anonymous_1)
FNDA:0,(anonymous_2)
FNDA:0,(anonymous_3)
FNDA:1,(anonymous_4)
FNDA:0,(anonymous_5)
FNDA:1,(anonymous_6)
FNDA:0,(anonymous_7)
FNDA:0,(anonymous_8)
FNDA:0,(anonymous_9)
FNDA:2,(anonymous_10)
FNDA:1,(anonymous_11)
FNDA:1,(anonymous_12)
FNDA:0,(anonymous_13)
FNDA:0,(anonymous_14)
DA:3,12
DA:4,0
DA:6,12
DA:7,1
DA:9,12
DA:10,0
DA:12,12
DA:13,0
DA:16,12
DA:17,1
DA:20,12
DA:21,0
DA:23,12
DA:24,1
DA:26,12
DA:27,0
DA:29,12
DA:30,0
DA:32,12
DA:33,0
DA:35,0
DA:36,0
DA:37,0
DA:41,12
DA:42,2
DA:45,12
DA:46,1
DA:49,12
DA:50,1
DA:53,12
DA:54,0
DA:57,12
DA:58,0
LF:33
LH:21
BRF:0
BRH:0
end_of_record
TN:
SF:src/services/groupService.js
FN:3,(anonymous_0)
FN:7,(anonymous_1)
FN:13,(anonymous_2)
FN:18,(anonymous_3)
FN:22,(anonymous_4)
FN:27,(anonymous_5)
FNF:6
FNH:3
FNDA:0,(anonymous_0)
FNDA:2,(anonymous_1)
FNDA:1,(anonymous_2)
FNDA:1,(anonymous_3)
FNDA:0,(anonymous_4)
FNDA:0,(anonymous_5)
DA:3,4
DA:4,0
DA:7,4
DA:8,2
DA:13,4
DA:14,1
DA:18,4
DA:19,1
DA:22,4
DA:23,0
DA:27,4
DA:28,0
LF:12
LH:9
BRF:0
BRH:0
end_of_record
TN:
SF:src/services/langService.js
FN:3,getTranslation
FN:7,(anonymous_1)
FNF:2
FNH:0
FNDA:0,getTranslation
FNDA:0,(anonymous_1)
DA:2,0
DA:4,0
DA:8,0
DA:9,0
LF:4
LH:0
BRDA:4,0,0,0
BRDA:4,0,1,0
BRDA:4,0,2,0
BRDA:9,1,0,0
BRDA:9,1,1,0
BRF:5
BRH:0
end_of_record
TN:
SF:src/services/matchService.js
FN:4,(anonymous_0)
FN:8,(anonymous_1)
FN:11,(anonymous_2)
FN:15,(anonymous_3)
FN:19,(anonymous_4)
FNF:5
FNH:1
FNDA:0,(anonymous_0)
FNDA:1,(anonymous_1)
FNDA:0,(anonymous_2)
FNDA:0,(anonymous_3)
FNDA:0,(anonymous_4)
DA:4,3
DA:5,0
DA:8,3
DA:9,1
DA:11,3
DA:12,0
DA:15,3
DA:16,0
DA:19,3
DA:20,0
LF:10
LH:6
BRF:0
BRH:0
end_of_record
TN:
SF:src/services/playerService.js
FN:2,(anonymous_0)
FN:6,(anonymous_1)
FN:10,(anonymous_2)
FN:14,(anonymous_3)
FN:18,(anonymous_4)
FN:22,(anonymous_5)
FN:25,(anonymous_6)
FNF:7
FNH:2
FNDA:9,(anonymous_0)
FNDA:1,(anonymous_1)
FNDA:0,(anonymous_2)
FNDA:0,(anonymous_3)
FNDA:0,(anonymous_4)
FNDA:0,(anonymous_5)
FNDA:0,(anonymous_6)
DA:2,6
DA:3,9
DA:6,6
DA:7,1
DA:10,6
DA:11,0
DA:14,6
DA:15,0
DA:18,6
DA:19,0
DA:22,6
DA:23,0
DA:25,6
DA:26,0
LF:14
LH:9
BRF:0
BRH:0
end_of_record
TN:
SF:src/services/roundService.js
FN:4,(anonymous_0)
FN:7,(anonymous_1)
FN:10,(anonymous_2)
FN:13,(anonymous_3)
FN:17,(anonymous_4)
FNF:5
FNH:2
FNDA:1,(anonymous_0)
FNDA:3,(anonymous_1)
FNDA:0,(anonymous_2)
FNDA:0,(anonymous_3)
FNDA:0,(anonymous_4)
DA:4,3
DA:5,1
DA:7,3
DA:8,3
DA:10,3
DA:11,0
DA:13,3
DA:14,0
DA:17,3
DA:18,0
LF:10
LH:7
BRF:0
BRH:0
end_of_record
TN:
SF:src/services/teamService.js
FN:3,(anonymous_0)
FN:7,(anonymous_1)
FN:11,(anonymous_2)
FN:15,(anonymous_3)
FN:20,(anonymous_4)
FN:25,(anonymous_5)
FNF:6
FNH:3
FNDA:0,(anonymous_0)
FNDA:0,(anonymous_1)
FNDA:2,(anonymous_2)
FNDA:2,(anonymous_3)
FNDA:1,(anonymous_4)
FNDA:0,(anonymous_5)
DA:3,5
DA:4,0
DA:7,5
DA:8,0
DA:11,5
DA:12,2
DA:15,5
DA:16,2
DA:20,5
DA:21,1
DA:25,5
DA:26,0
LF:12
LH:9
BRF:0
BRH:0
end_of_record
TN:
SF:src/services/tournamentService.js
FN:2,(anonymous_0)
FN:5,(anonymous_1)
FN:9,(anonymous_2)
FN:12,(anonymous_3)
FN:16,(anonymous_4)
FN:20,(anonymous_5)
FN:25,(anonymous_6)
FN:29,(anonymous_7)
FN:33,(anonymous_8)
FN:36,(anonymous_9)
FN:39,(anonymous_10)
FN:45,(anonymous_11)
FN:48,(anonymous_12)
FNF:13
FNH:4
FNDA:0,(anonymous_0)
FNDA:0,(anonymous_1)
FNDA:1,(anonymous_2)
FNDA:0,(anonymous_3)
FNDA:6,(anonymous_4)
FNDA:0,(anonymous_5)
FNDA:0,(anonymous_6)
FNDA:4,(anonymous_7)
FNDA:0,(anonymous_8)
FNDA:0,(anonymous_9)
FNDA:0,(anonymous_10)
FNDA:0,(anonymous_11)
FNDA:2,(anonymous_12)
DA:2,9
DA:3,0
DA:5,9
DA:6,0
DA:9,9
DA:10,1
DA:12,9
DA:13,0
DA:16,9
DA:17,6
DA:20,9
DA:21,0
DA:25,9
DA:26,0
DA:29,9
DA:30,4
DA:33,9
DA:34,0
DA:36,9
DA:37,0
DA:39,9
DA:40,0
DA:45,9
DA:46,0
DA:48,9
DA:49,2
LF:26
LH:17
BRF:0
BRH:0
end_of_record
TN:
SF:src/store/index.js
FNF:0
FNH:0
LF:0
LH:0
BRF:0
BRH:0
end_of_record
TN:
SF:src/views/AboutTournament.vue
FN:224,render
FNF:1
FNH:1
FNDA:1,render
DA:4,1
DA:5,1
DA:8,1
DA:9,1
DA:10,1
DA:11,1
DA:12,1
DA:132,1
DA:134,1
DA:137,1
DA:138,1
DA:139,1
DA:147,1
DA:155,1
DA:158,1
DA:159,1
DA:160,1
DA:163,1
DA:166,1
DA:167,1
DA:168,1
DA:169,1
DA:172,1
DA:173,1
DA:182,1
DA:186,1
DA:190,1
DA:191,1
DA:200,1
DA:204,1
DA:205,1
DA:214,1
DA:218,1
DA:222,1
DA:225,1
DA:233,1
LF:36
LH:36
BRDA:227,0,0,0
BRDA:227,0,1,1
BRDA:228,1,0,0
BRDA:228,1,1,1
BRDA:230,2,0,0
BRDA:230,2,1,1
BRDA:232,3,0,0
BRDA:232,3,1,1
BRDA:232,4,0,0
BRDA:232,4,1,1
BRDA:232,5,0,0
BRDA:232,5,1,1
BRDA:232,6,0,0
BRDA:232,6,1,1
BRDA:232,7,0,0
BRDA:232,7,1,1
BRDA:232,8,0,0
BRDA:232,8,1,1
BRDA:232,9,0,0
BRDA:232,9,1,1
BRDA:232,10,0,0
BRDA:232,10,1,1
BRF:22
BRH:11
end_of_record
TN:
SF:src/views/AboutView.vue
FN:45,render
FNF:1
FNH:1
FNDA:1,render
DA:4,1
DA:5,1
DA:8,1
DA:35,1
DA:37,1
DA:40,1
DA:41,1
DA:42,1
DA:46,1
DA:47,1
DA:48,1
LF:11
LH:11
BRF:0
BRH:0
end_of_record
TN:
SF:src/views/AddGroup.vue
FN:336,render
FN:350,(anonymous_1)
FN:352,(anonymous_2)
FN:359,(anonymous_3)
FN:363,(anonymous_4)
FN:368,(anonymous_5)
FN:375,(anonymous_6)
FN:403,(anonymous_7)
FN:410,(anonymous_8)
FN:412,(anonymous_9)
FNF:10
FNH:3
FNDA:3,render
FNDA:0,(anonymous_1)
FNDA:0,(anonymous_2)
FNDA:0,(anonymous_3)
FNDA:0,(anonymous_4)
FNDA:0,(anonymous_5)
FNDA:0,(anonymous_6)
FNDA:3,(anonymous_7)
FNDA:0,(anonymous_8)
FNDA:1,(anonymous_9)
DA:4,1
DA:5,1
DA:8,1
DA:9,1
DA:10,1
DA:11,1
DA:12,1
DA:13,1
DA:14,1
DA:237,1
DA:239,1
DA:242,1
DA:243,1
DA:244,1
DA:247,1
DA:250,1
DA:253,1
DA:256,1
DA:257,1
DA:261,1
DA:262,1
DA:263,1
DA:268,1
DA:272,1
DA:275,1
DA:278,1
DA:281,1
DA:284,1
DA:287,1
DA:288,1
DA:291,1
DA:294,1
DA:297,1
DA:300,1
DA:301,1
DA:304,1
DA:307,1
DA:310,1
DA:311,1
DA:312,1
DA:315,1
DA:318,1
DA:324,1
DA:327,1
DA:333,1
DA:337,3
DA:338,3
DA:339,3
DA:340,3
DA:341,3
DA:350,0
DA:352,0
DA:359,0
DA:364,0
DA:369,0
DA:375,0
DA:403,3
DA:410,0
DA:412,1
DA:416,1
LF:60
LH:53
BRDA:341,0,0,0
BRDA:341,0,1,3
BRDA:350,1,0,0
BRDA:350,1,1,0
BRDA:359,2,0,3
BRDA:359,2,1,1
BRDA:367,3,0,0
BRDA:367,3,1,0
BRDA:367,4,0,0
BRDA:367,4,1,0
BRDA:367,5,0,0
BRDA:367,5,1,0
BRDA:368,6,0,0
BRDA:368,6,1,3
BRDA:375,7,0,0
BRDA:375,7,1,0
BRDA:377,8,0,0
BRDA:377,8,1,0
BRDA:393,9,0,0
BRDA:393,9,1,0
BRDA:394,10,0,0
BRDA:394,10,1,0
BRDA:403,11,0,0
BRDA:403,11,1,3
BRDA:410,12,0,3
BRDA:410,12,1,1
BRF:26
BRH:7
end_of_record
TN:
SF:src/views/AddMatch.vue
FN:666,render
FN:671,(anonymous_1)
FN:672,(anonymous_2)
FN:679,(anonymous_3)
FN:687,(anonymous_4)
FN:688,(anonymous_5)
FN:689,(anonymous_6)
FN:696,(anonymous_7)
FN:704,(anonymous_8)
FN:706,(anonymous_9)
FN:713,(anonymous_10)
FN:721,(anonymous_11)
FN:723,(anonymous_12)
FN:730,(anonymous_13)
FN:743,(anonymous_14)
FN:748,(anonymous_15)
FN:756,(anonymous_16)
FN:759,(anonymous_17)
FN:768,(anonymous_18)
FN:771,(anonymous_19)
FN:780,(anonymous_20)
FN:783,(anonymous_21)
FN:793,(anonymous_22)
FN:796,(anonymous_23)
FN:805,(anonymous_24)
FN:806,(anonymous_25)
FN:811,(anonymous_26)
FN:822,(anonymous_27)
FN:829,(anonymous_28)
FN:836,(anonymous_29)
FN:842,(anonymous_30)
FNF:31
FNH:1
FNDA:2,render
FNDA:0,(anonymous_1)
FNDA:0,(anonymous_2)
FNDA:0,(anonymous_3)
FNDA:0,(anonymous_4)
FNDA:0,(anonymous_5)
FNDA:0,(anonymous_6)
FNDA:0,(anonymous_7)
FNDA:0,(anonymous_8)
FNDA:0,(anonymous_9)
FNDA:0,(anonymous_10)
FNDA:0,(anonymous_11)
FNDA:0,(anonymous_12)
FNDA:0,(anonymous_13)
FNDA:0,(anonymous_14)
FNDA:0,(anonymous_15)
FNDA:0,(anonymous_16)
FNDA:0,(anonymous_17)
FNDA:0,(anonymous_18)
FNDA:0,(anonymous_19)
FNDA:0,(anonymous_20)
FNDA:0,(anonymous_21)
FNDA:0,(anonymous_22)
FNDA:0,(anonymous_23)
FNDA:0,(anonymous_24)
FNDA:0,(anonymous_25)
FNDA:0,(anonymous_26)
FNDA:0,(anonymous_27)
FNDA:0,(anonymous_28)
FNDA:0,(anonymous_29)
FNDA:0,(anonymous_30)
DA:4,1
DA:5,1
DA:8,1
DA:9,1
DA:10,1
DA:11,1
DA:12,1
DA:13,1
DA:14,1
DA:430,1
DA:432,1
DA:435,1
DA:436,1
DA:437,1
DA:440,1
DA:446,1
DA:447,1
DA:450,1
DA:453,1
DA:456,1
DA:459,1
DA:463,1
DA:464,1
DA:467,1
DA:468,1
DA:469,1
DA:472,1
DA:475,1
DA:478,1
DA:483,1
DA:484,1
DA:487,1
DA:488,1
DA:489,1
DA:492,1
DA:495,1
DA:498,1
DA:501,1
DA:502,1
DA:507,1
DA:508,1
DA:511,1
DA:512,1
DA:513,1
DA:516,1
DA:519,1
DA:522,1
DA:523,1
DA:528,1
DA:529,1
DA:532,1
DA:533,1
DA:534,1
DA:539,1
DA:540,1
DA:541,1
DA:544,1
DA:547,1
DA:552,1
DA:555,1
DA:558,1
DA:565,1
DA:569,1
DA:572,1
DA:576,1
DA:579,1
DA:582,1
DA:585,1
DA:588,1
DA:589,1
DA:590,1
DA:591,1
DA:595,1
DA:598,1
DA:602,1
DA:605,1
DA:608,1
DA:611,1
DA:614,1
DA:615,1
DA:616,1
DA:617,1
DA:621,1
DA:624,1
DA:627,1
DA:630,1
DA:633,1
DA:636,1
DA:639,1
DA:642,1
DA:645,1
DA:648,1
DA:651,1
DA:654,1
DA:657,1
DA:663,1
DA:667,2
DA:668,2
DA:669,2
DA:671,0
DA:673,0
DA:680,0
DA:687,0
DA:688,0
DA:690,0
DA:697,0
DA:704,0
DA:707,0
DA:714,0
DA:721,0
DA:724,0
DA:731,0
DA:743,0
DA:748,0
DA:756,0
DA:760,0
DA:768,0
DA:772,0
DA:780,0
DA:784,0
DA:793,0
DA:797,0
DA:805,0
DA:807,0
DA:812,0
DA:822,0
DA:829,0
DA:836,0
DA:842,0
DA:846,1
LF:130
LH:100
BRDA:671,0,0,2
BRDA:671,0,1,1
BRDA:684,1,0,0
BRDA:684,1,1,0
BRDA:687,2,0,2
BRDA:687,2,1,1
BRDA:688,3,0,2
BRDA:688,3,1,1
BRDA:701,4,0,0
BRDA:701,4,1,0
BRDA:704,5,0,2
BRDA:704,5,1,1
BRDA:718,6,0,0
BRDA:718,6,1,0
BRDA:721,7,0,2
BRDA:721,7,1,1
BRDA:735,8,0,0
BRDA:735,8,1,0
BRDA:736,9,0,1
BRDA:736,9,1,1
BRDA:743,10,0,2
BRDA:743,10,1,1
BRDA:748,11,0,2
BRDA:748,11,1,1
BRDA:752,12,0,2
BRDA:752,12,1,0
BRDA:756,13,0,2
BRDA:756,13,1,1
BRDA:759,14,0,0
BRDA:759,14,1,2
BRDA:763,15,0,0
BRDA:763,15,1,0
BRDA:763,16,0,0
BRDA:763,16,1,0
BRDA:763,17,0,0
BRDA:763,17,1,0
BRDA:763,17,2,0
BRDA:763,18,0,0
BRDA:763,18,1,0
BRDA:764,19,0,2
BRDA:764,19,1,0
BRDA:768,20,0,2
BRDA:768,20,1,1
BRDA:771,21,0,0
BRDA:771,21,1,2
BRDA:775,22,0,0
BRDA:775,22,1,0
BRDA:775,23,0,0
BRDA:775,23,1,0
BRDA:775,24,0,0
BRDA:775,24,1,0
BRDA:775,24,2,0
BRDA:775,25,0,0
BRDA:775,25,1,0
BRDA:780,26,0,2
BRDA:780,26,1,1
BRDA:793,27,0,2
BRDA:793,27,1,1
BRDA:805,28,0,2
BRDA:805,28,1,1
BRDA:806,29,0,2
BRDA:806,29,1,1
BRDA:807,30,0,0
BRDA:807,30,1,0
BRDA:822,31,0,2
BRDA:822,31,1,1
BRDA:829,32,0,0
BRDA:829,32,1,0
BRDA:836,33,0,2
BRDA:836,33,1,1
BRF:70
BRH:36
end_of_record
TN:
SF:src/views/AddPlayer.vue
FN:450,render
FN:462,(anonymous_1)
FN:469,(anonymous_2)
FN:479,(anonymous_3)
FN:481,(anonymous_4)
FN:486,(anonymous_5)
FN:495,(anonymous_6)
FN:503,(anonymous_7)
FNF:8
FNH:2
FNDA:1,render
FNDA:0,(anonymous_1)
FNDA:0,(anonymous_2)
FNDA:1,(anonymous_3)
FNDA:0,(anonymous_4)
FNDA:0,(anonymous_5)
FNDA:0,(anonymous_6)
FNDA:0,(anonymous_7)
DA:4,1
DA:5,1
DA:8,1
DA:9,1
DA:10,1
DA:11,1
DA:12,1
DA:13,1
DA:321,1
DA:323,1
DA:326,1
DA:327,1
DA:328,1
DA:334,1
DA:337,1
DA:340,1
DA:343,1
DA:346,1
DA:349,1
DA:353,1
DA:356,1
DA:357,1
DA:360,1
DA:363,1
DA:366,1
DA:369,1
DA:372,1
DA:375,1
DA:378,1
DA:381,1
DA:384,1
DA:390,1
DA:394,1
DA:397,1
DA:398,1
DA:401,1
DA:402,1
DA:403,1
DA:409,1
DA:412,1
DA:416,1
DA:417,1
DA:421,1
DA:424,1
DA:427,1
DA:430,1
DA:433,1
DA:436,1
DA:439,1
DA:440,1
DA:441,1
DA:447,1
DA:451,1
DA:452,1
DA:453,1
DA:454,1
DA:469,0
DA:479,1
DA:482,0
DA:487,0
DA:495,0
DA:503,0
DA:507,1
LF:63
LH:58
BRDA:454,0,0,0
BRDA:454,0,1,1
BRDA:462,1,0,1
BRDA:462,1,1,1
BRDA:469,2,0,1
BRDA:469,2,1,1
BRDA:485,3,0,0
BRDA:485,3,1,0
BRDA:489,4,0,0
BRDA:489,4,1,0
BRDA:490,5,0,0
BRDA:490,5,1,0
BRDA:493,6,0,0
BRDA:493,6,1,0
BRDA:498,7,0,0
BRDA:498,7,1,0
BRDA:498,8,0,0
BRDA:498,8,1,0
BRDA:499,9,0,0
BRDA:499,9,1,1
BRDA:499,10,0,1
BRDA:499,10,1,0
BRDA:499,11,0,0
BRDA:499,11,1,0
BRDA:499,12,0,0
BRDA:499,12,1,1
BRDA:499,13,0,1
BRDA:499,13,1,1
BRDA:501,14,0,0
BRDA:501,14,1,0
BRDA:503,15,0,0
BRDA:503,15,1,0
BRDA:506,16,0,0
BRDA:506,16,1,0
BRF:34
BRH:10
end_of_record
TN:
SF:src/views/AddRounds.vue
FN:298,render
FN:303,(anonymous_1)
FN:305,(anonymous_2)
FN:313,(anonymous_3)
FN:315,(anonymous_4)
FN:323,(anonymous_5)
FN:331,(anonymous_6)
FN:337,(anonymous_7)
FN:339,(anonymous_8)
FNF:9
FNH:3
FNDA:1,render
FNDA:0,(anonymous_1)
FNDA:0,(anonymous_2)
FNDA:0,(anonymous_3)
FNDA:0,(anonymous_4)
FNDA:0,(anonymous_5)
FNDA:1,(anonymous_6)
FNDA:0,(anonymous_7)
FNDA:1,(anonymous_8)
DA:4,1
DA:5,1
DA:8,1
DA:9,1
DA:10,1
DA:11,1
DA:12,1
DA:13,1
DA:222,1
DA:224,1
DA:227,1
DA:228,1
DA:229,1
DA:232,1
DA:235,1
DA:238,1
DA:241,1
DA:242,1
DA:248,1
DA:257,1
DA:260,1
DA:263,1
DA:264,1
DA:267,1
DA:271,1
DA:272,1
DA:275,1
DA:279,1
DA:280,1
DA:283,1
DA:286,1
DA:289,1
DA:295,1
DA:299,1
DA:300,1
DA:301,1
DA:303,0
DA:306,0
DA:313,0
DA:316,0
DA:323,0
DA:331,1
DA:337,0
DA:339,1
DA:343,1
LF:45
LH:39
BRDA:303,0,0,1
BRDA:303,0,1,1
BRDA:305,1,0,1
BRDA:305,1,1,0
BRDA:315,2,0,0
BRDA:315,2,1,1
BRDA:331,3,0,0
BRDA:331,3,1,1
BRDA:337,4,0,1
BRDA:337,4,1,1
BRF:10
BRH:7
end_of_record
TN:
SF:src/views/AddTournament.vue
FN:889,render
FN:896,(anonymous_1)
FN:905,(anonymous_2)
FN:908,(anonymous_3)
FN:919,(anonymous_4)
FN:922,(anonymous_5)
FN:933,(anonymous_6)
FN:936,(anonymous_7)
FN:948,(anonymous_8)
FN:949,(anonymous_9)
FN:952,(anonymous_10)
FN:964,(anonymous_11)
FN:965,(anonymous_12)
FN:968,(anonymous_13)
FN:979,(anonymous_14)
FN:986,(anonymous_15)
FN:993,(anonymous_16)
FN:1001,(anonymous_17)
FN:1008,(anonymous_18)
FN:1015,(anonymous_19)
FN:1023,(anonymous_20)
FN:1030,(anonymous_21)
FN:1036,(anonymous_22)
FN:1037,(anonymous_23)
FN:1052,(anonymous_24)
FN:1061,(anonymous_25)
FN:1084,(anonymous_26)
FN:1094,(anonymous_27)
FN:1099,(anonymous_28)
FN:1106,(anonymous_29)
FN:1108,(anonymous_30)
FNF:31
FNH:0
FNDA:0,render
FNDA:0,(anonymous_1)
FNDA:0,(anonymous_2)
FNDA:0,(anonymous_3)
FNDA:0,(anonymous_4)
FNDA:0,(anonymous_5)
FNDA:0,(anonymous_6)
FNDA:0,(anonymous_7)
FNDA:0,(anonymous_8)
FNDA:0,(anonymous_9)
FNDA:0,(anonymous_10)
FNDA:0,(anonymous_11)
FNDA:0,(anonymous_12)
FNDA:0,(anonymous_13)
FNDA:0,(anonymous_14)
FNDA:0,(anonymous_15)
FNDA:0,(anonymous_16)
FNDA:0,(anonymous_17)
FNDA:0,(anonymous_18)
FNDA:0,(anonymous_19)
FNDA:0,(anonymous_20)
FNDA:0,(anonymous_21)
FNDA:0,(anonymous_22)
FNDA:0,(anonymous_23)
FNDA:0,(anonymous_24)
FNDA:0,(anonymous_25)
FNDA:0,(anonymous_26)
FNDA:0,(anonymous_27)
FNDA:0,(anonymous_28)
FNDA:0,(anonymous_29)
FNDA:0,(anonymous_30)
DA:4,0
DA:5,0
DA:8,0
DA:9,0
DA:48,0
DA:579,0
DA:581,0
DA:584,0
DA:585,0
DA:586,0
DA:589,0
DA:595,0
DA:596,0
DA:599,0
DA:602,0
DA:605,0
DA:609,0
DA:612,0
DA:615,0
DA:618,0
DA:622,0
DA:625,0
DA:628,0
DA:631,0
DA:634,0
DA:637,0
DA:640,0
DA:643,0
DA:644,0
DA:647,0
DA:650,0
DA:654,0
DA:657,0
DA:658,0
DA:661,0
DA:664,0
DA:667,0
DA:670,0
DA:673,0
DA:677,0
DA:680,0
DA:684,0
DA:687,0
DA:691,0
DA:694,0
DA:697,0
DA:700,0
DA:703,0
DA:707,0
DA:710,0
DA:714,0
DA:717,0
DA:721,0
DA:724,0
DA:727,0
DA:730,0
DA:733,0
DA:737,0
DA:740,0
DA:744,0
DA:747,0
DA:750,0
DA:753,0
DA:756,0
DA:759,0
DA:762,0
DA:765,0
DA:768,0
DA:771,0
DA:774,0
DA:779,0
DA:789,0
DA:794,0
DA:806,0
DA:809,0
DA:813,0
DA:817,0
DA:820,0
DA:823,0
DA:826,0
DA:829,0
DA:834,0
DA:844,0
DA:849,0
DA:861,0
DA:864,0
DA:868,0
DA:872,0
DA:873,0
DA:874,0
DA:877,0
DA:880,0
DA:886,0
DA:890,0
DA:891,0
DA:892,0
DA:893,0
DA:894,0
DA:897,0
DA:905,0
DA:909,0
DA:919,0
DA:923,0
DA:933,0
DA:937,0
DA:948,0
DA:950,0
DA:953,0
DA:964,0
DA:966,0
DA:969,0
DA:979,0
DA:986,0
DA:993,0
DA:1001,0
DA:1008,0
DA:1015,0
DA:1023,0
DA:1030,0
DA:1036,0
DA:1038,0
DA:1053,0
DA:1062,0
DA:1085,0
DA:1094,0
DA:1099,0
DA:1106,0
DA:1108,0
DA:1112,0
LF:129
LH:0
BRDA:896,0,0,0
BRDA:896,0,1,0
BRDA:897,1,0,0
BRDA:897,1,1,0
BRDA:905,2,0,0
BRDA:905,2,1,0
BRDA:919,3,0,0
BRDA:919,3,1,0
BRDA:933,4,0,0
BRDA:933,4,1,0
BRDA:948,5,0,0
BRDA:948,5,1,0
BRDA:949,6,0,0
BRDA:949,6,1,0
BRDA:950,7,0,0
BRDA:950,7,1,0
BRDA:964,8,0,0
BRDA:964,8,1,0
BRDA:965,9,0,0
BRDA:965,9,1,0
BRDA:966,10,0,0
BRDA:966,10,1,0
BRDA:979,11,0,0
BRDA:979,11,1,0
BRDA:986,12,0,0
BRDA:986,12,1,0
BRDA:993,13,0,0
BRDA:993,13,1,0
BRDA:1001,14,0,0
BRDA:1001,14,1,0
BRDA:1008,15,0,0
BRDA:1008,15,1,0
BRDA:1015,16,0,0
BRDA:1015,16,1,0
BRDA:1023,17,0,0
BRDA:1023,17,1,0
BRDA:1030,18,0,0
BRDA:1030,18,1,0
BRDA:1036,19,0,0
BRDA:1036,19,1,0
BRDA:1041,20,0,0
BRDA:1041,20,1,0
BRDA:1041,21,0,0
BRDA:1041,21,1,0
BRDA:1043,22,0,0
BRDA:1043,22,1,0
BRDA:1049,23,0,0
BRDA:1049,23,1,0
BRDA:1052,24,0,0
BRDA:1052,24,1,0
BRDA:1053,25,0,0
BRDA:1053,25,1,0
BRDA:1061,26,0,0
BRDA:1061,26,1,0
BRDA:1062,27,0,0
BRDA:1062,27,1,0
BRDA:1067,28,0,0
BRDA:1067,28,1,0
BRDA:1068,29,0,0
BRDA:1068,29,1,0
BRDA:1074,30,0,0
BRDA:1074,30,1,0
BRDA:1084,31,0,0
BRDA:1084,31,1,0
BRDA:1085,32,0,0
BRDA:1085,32,1,0
BRDA:1090,33,0,0
BRDA:1090,33,1,0
BRDA:1094,34,0,0
BRDA:1094,34,1,0
BRDA:1099,35,0,0
BRDA:1099,35,1,0
BRDA:1106,36,0,0
BRDA:1106,36,1,0
BRF:74
BRH:0
end_of_record
TN:
SF:src/views/ChangePassword.vue
FN:373,render
FN:381,(anonymous_1)
FN:390,(anonymous_2)
FN:393,(anonymous_3)
FN:401,(anonymous_4)
FN:409,(anonymous_5)
FN:414,(anonymous_6)
FN:426,(anonymous_7)
FN:428,(anonymous_8)
FN:438,(anonymous_9)
FN:443,(anonymous_10)
FNF:11
FNH:1
FNDA:1,render
FNDA:0,(anonymous_1)
FNDA:0,(anonymous_2)
FNDA:0,(anonymous_3)
FNDA:0,(anonymous_4)
FNDA:0,(anonymous_5)
FNDA:0,(anonymous_6)
FNDA:0,(anonymous_7)
FNDA:0,(anonymous_8)
FNDA:0,(anonymous_9)
FNDA:0,(anonymous_10)
DA:4,1
DA:5,1
DA:8,1
DA:9,1
DA:265,1
DA:267,1
DA:270,1
DA:271,1
DA:272,1
DA:276,1
DA:279,1
DA:282,1
DA:285,1
DA:288,1
DA:289,1
DA:292,1
DA:295,1
DA:296,1
DA:299,1
DA:300,1
DA:303,1
DA:307,1
DA:310,1
DA:311,1
DA:314,1
DA:318,1
DA:321,1
DA:322,1
DA:326,1
DA:329,1
DA:339,1
DA:342,1
DA:345,1
DA:349,1
DA:352,1
DA:355,1
DA:359,1
DA:362,1
DA:368,1
DA:371,1
DA:374,1
DA:375,1
DA:376,1
DA:382,0
DA:390,0
DA:393,0
DA:402,0
DA:409,0
DA:414,0
DA:426,0
DA:429,0
DA:438,0
DA:443,0
DA:447,1
LF:54
LH:44
BRDA:381,0,0,1
BRDA:381,0,1,1
BRDA:382,1,0,0
BRDA:382,1,1,0
BRDA:389,2,0,0
BRDA:389,2,1,1
BRDA:390,3,0,1
BRDA:390,3,1,1
BRDA:393,4,0,1
BRDA:393,4,1,1
BRDA:400,5,0,0
BRDA:400,5,1,1
BRDA:409,6,0,1
BRDA:409,6,1,1
BRDA:411,7,0,0
BRDA:411,7,1,1
BRDA:414,8,0,1
BRDA:414,8,1,1
BRDA:421,9,0,0
BRDA:421,9,1,1
BRDA:422,10,0,0
BRDA:422,10,1,1
BRDA:426,11,0,1
BRDA:426,11,1,1
BRDA:432,12,0,0
BRDA:432,12,1,0
BRDA:433,13,0,0
BRDA:433,13,1,1
BRDA:433,14,0,1
BRDA:433,14,1,0
BRDA:433,14,2,0
BRDA:437,15,0,1
BRDA:437,15,1,1
BRDA:438,16,0,1
BRDA:438,16,1,1
BRDA:443,17,0,0
BRDA:443,17,1,0
BRF:37
BRH:23
end_of_record
TN:
SF:src/views/CreateTeam.vue
FN:49,(anonymous_0)
FN:446,render
FN:462,(anonymous_2)
FN:475,(anonymous_3)
FN:485,(anonymous_4)
FN:496,(anonymous_5)
FN:499,(anonymous_6)
FN:507,(anonymous_7)
FN:508,(anonymous_8)
FN:515,(anonymous_9)
FN:524,(anonymous_10)
FN:529,(anonymous_11)
FN:538,(anonymous_12)
FNF:13
FNH:4
FNDA:1,(anonymous_0)
FNDA:1,render
FNDA:0,(anonymous_2)
FNDA:0,(anonymous_3)
FNDA:0,(anonymous_4)
FNDA:0,(anonymous_5)
FNDA:0,(anonymous_6)
FNDA:0,(anonymous_7)
FNDA:0,(anonymous_8)
FNDA:0,(anonymous_9)
FNDA:0,(anonymous_10)
FNDA:1,(anonymous_11)
FNDA:1,(anonymous_12)
DA:4,1
DA:5,1
DA:8,1
DA:9,1
DA:10,1
DA:11,1
DA:12,1
DA:44,1
DA:47,1
DA:50,1
DA:51,1
DA:320,1
DA:322,1
DA:325,1
DA:326,1
DA:327,1
DA:330,1
DA:333,1
DA:336,1
DA:339,1
DA:340,1
DA:343,1
DA:346,1
DA:349,1
DA:355,1
DA:358,1
DA:361,1
DA:366,1
DA:376,1
DA:381,1
DA:393,1
DA:397,1
DA:400,1
DA:404,1
DA:405,1
DA:408,1
DA:411,1
DA:414,1
DA:417,1
DA:420,1
DA:424,1
DA:427,1
DA:428,1
DA:431,1
DA:434,1
DA:437,1
DA:443,1
DA:447,1
DA:448,1
DA:449,1
DA:450,1
DA:463,0
DA:476,0
DA:486,0
DA:496,0
DA:500,0
DA:507,0
DA:509,0
DA:516,0
DA:524,0
DA:529,1
DA:538,1
DA:542,1
LF:63
LH:54
BRDA:462,0,0,1
BRDA:462,0,1,1
BRDA:463,1,0,0
BRDA:463,1,1,0
BRDA:466,2,0,1
BRDA:466,2,1,0
BRDA:472,3,0,0
BRDA:472,3,1,1
BRDA:475,4,0,0
BRDA:475,4,1,0
BRDA:476,5,0,0
BRDA:476,5,1,0
BRDA:485,6,0,1
BRDA:485,6,1,1
BRDA:486,7,0,0
BRDA:486,7,1,0
BRDA:491,8,0,0
BRDA:491,8,1,1
BRDA:496,9,0,1
BRDA:496,9,1,1
BRDA:503,10,0,0
BRDA:503,10,1,0
BRDA:503,11,0,0
BRDA:503,11,1,0
BRDA:503,12,0,0
BRDA:503,12,1,0
BRDA:503,13,0,0
BRDA:503,13,1,0
BRDA:503,14,0,0
BRDA:503,14,1,0
BRDA:503,15,0,0
BRDA:503,15,1,0
BRDA:503,16,0,0
BRDA:503,16,1,0
BRDA:503,17,0,0
BRDA:503,17,1,0
BRDA:507,18,0,1
BRDA:507,18,1,1
BRDA:519,19,0,0
BRDA:519,19,1,0
BRDA:519,20,0,0
BRDA:519,20,1,0
BRDA:524,21,0,1
BRDA:524,21,1,1
BRDA:529,22,0,0
BRDA:529,22,1,1
BRF:46
BRH:14
end_of_record
TN:
SF:src/views/ErrorComponent.vue
FN:103,render
FN:110,(anonymous_1)
FN:111,(anonymous_2)
FNF:3
FNH:3
FNDA:1,render
FNDA:1,(anonymous_1)
FNDA:3,(anonymous_2)
DA:4,1
DA:5,1
DA:8,1
DA:43,1
DA:45,1
DA:48,1
DA:49,1
DA:50,1
DA:53,1
DA:56,1
DA:65,1
DA:70,1
DA:71,1
DA:80,1
DA:83,1
DA:86,1
DA:87,1
DA:96,1
DA:101,1
DA:102,1
DA:104,1
DA:105,1
DA:110,1
DA:115,3
DA:116,3
DA:120,1
LF:26
LH:26
BRF:0
BRH:0
end_of_record
TN:
SF:src/views/GroupList.vue
FN:352,render
FN:366,(anonymous_1)
FN:368,(anonymous_2)
FN:376,(anonymous_3)
FN:387,(anonymous_4)
FN:405,(anonymous_5)
FN:423,(anonymous_6)
FN:439,(anonymous_7)
FNF:8
FNH:5
FNDA:7,render
FNDA:1,(anonymous_1)
FNDA:2,(anonymous_2)
FNDA:12,(anonymous_3)
FNDA:0,(anonymous_4)
FNDA:0,(anonymous_5)
FNDA:2,(anonymous_6)
FNDA:0,(anonymous_7)
DA:4,1
DA:5,1
DA:8,1
DA:9,1
DA:10,1
DA:11,1
DA:12,1
DA:13,1
DA:14,1
DA:230,1
DA:232,1
DA:235,1
DA:236,1
DA:237,1
DA:240,1
DA:243,1
DA:250,1
DA:253,1
DA:254,1
DA:258,1
DA:259,1
DA:260,1
DA:265,1
DA:273,1
DA:301,1
DA:308,1
DA:309,1
DA:314,1
DA:315,1
DA:316,1
DA:317,1
DA:323,1
DA:326,1
DA:329,1
DA:332,1
DA:335,1
DA:338,1
DA:341,1
DA:342,1
DA:345,1
DA:346,1
DA:347,1
DA:353,7
DA:354,7
DA:355,7
DA:356,7
DA:357,7
DA:366,1
DA:368,2
DA:377,12
DA:387,0
DA:405,0
DA:423,2
DA:440,0
DA:481,1
LF:55
LH:52
BRDA:360,0,0,1
BRDA:360,0,1,6
BRDA:366,1,0,7
BRDA:366,1,1,1
BRDA:370,2,0,2
BRDA:370,2,1,5
BRDA:376,3,0,5
BRDA:376,3,1,2
BRDA:386,4,0,0
BRDA:386,4,1,12
BRDA:386,5,0,0
BRDA:386,5,1,12
BRDA:387,6,0,0
BRDA:387,6,1,0
BRDA:392,7,0,2
BRDA:392,7,1,10
BRDA:405,8,0,0
BRDA:405,8,1,0
BRDA:410,9,0,2
BRDA:410,9,1,10
BRDA:437,10,0,1
BRDA:437,10,1,11
BRDA:439,11,0,0
BRDA:439,11,1,12
BRDA:443,12,0,0
BRDA:443,12,1,0
BRDA:454,13,0,0
BRDA:454,13,1,0
BRDA:467,14,0,0
BRDA:467,14,1,0
BRDA:468,15,0,0
BRDA:468,15,1,0
BRDA:471,16,0,12
BRDA:471,16,1,0
BRF:34
BRH:18
end_of_record
TN:
SF:src/views/HomeView.vue
FN:56,render
FNF:1
FNH:0
FNDA:0,render
DA:4,2
DA:5,2
DA:8,2
DA:9,2
DA:49,2
DA:51,2
DA:54,2
DA:55,2
DA:57,0
DA:58,0
DA:59,2
LF:11
LH:9
BRF:0
BRH:0
end_of_record
TN:
SF:src/views/JoinTeam.vue
FN:319,render
FN:338,(anonymous_1)
FN:348,(anonymous_2)
FN:357,(anonymous_3)
FNF:4
FNH:3
FNDA:1,render
FNDA:0,(anonymous_1)
FNDA:1,(anonymous_2)
FNDA:1,(anonymous_3)
DA:4,1
DA:5,1
DA:8,1
DA:9,1
DA:10,1
DA:11,1
DA:12,1
DA:13,1
DA:248,1
DA:250,1
DA:253,1
DA:254,1
DA:255,1
DA:259,1
DA:262,1
DA:265,1
DA:268,1
DA:271,1
DA:274,1
DA:277,1
DA:280,1
DA:285,1
DA:288,1
DA:291,1
DA:294,1
DA:297,1
DA:303,1
DA:310,1
DA:313,1
DA:316,1
DA:320,1
DA:321,1
DA:322,1
DA:323,1
DA:339,0
DA:348,1
DA:357,1
DA:360,1
LF:38
LH:37
BRDA:323,0,0,1
BRDA:323,0,1,0
BRDA:323,1,0,0
BRDA:323,1,1,1
BRDA:338,2,0,0
BRDA:338,2,1,1
BRF:6
BRH:3
end_of_record
TN:
SF:src/views/JoinedTeamplayers.vue
FN:141,render
FN:144,(anonymous_1)
FNF:2
FNH:1
FNDA:1,render
FNDA:0,(anonymous_1)
DA:4,1
DA:5,1
DA:8,1
DA:9,1
DA:10,1
DA:11,1
DA:12,1
DA:92,1
DA:94,1
DA:97,1
DA:98,1
DA:99,1
DA:102,1
DA:105,1
DA:109,1
DA:112,1
DA:113,1
DA:116,1
DA:119,1
DA:122,1
DA:128,1
DA:129,1
DA:132,1
DA:133,1
DA:136,1
DA:140,1
DA:142,1
DA:143,1
DA:144,1
DA:145,0
DA:174,1
LF:31
LH:30
BRDA:144,0,0,1
BRDA:144,0,1,0
BRDA:154,1,0,0
BRDA:154,1,1,0
BRDA:160,2,0,0
BRDA:160,2,1,0
BRDA:160,3,0,0
BRDA:160,3,1,0
BRDA:160,4,0,0
BRDA:160,4,1,0
BRDA:166,5,0,0
BRDA:166,5,1,0
BRDA:166,6,0,0
BRDA:166,6,1,0
BRDA:166,7,0,0
BRDA:166,7,1,0
BRDA:167,8,0,0
BRDA:167,8,1,1
BRF:18
BRH:2
end_of_record
TN:
SF:src/views/ListAllTournaments.vue
FN:211,render
FN:216,(anonymous_1)
FN:219,(anonymous_2)
FN:225,(anonymous_3)
FNF:4
FNH:0
FNDA:0,render
FNDA:0,(anonymous_1)
FNDA:0,(anonymous_2)
FNDA:0,(anonymous_3)
DA:4,2
DA:5,2
DA:8,2
DA:9,2
DA:10,2
DA:11,2
DA:12,2
DA:13,2
DA:100,2
DA:102,2
DA:105,2
DA:106,2
DA:107,2
DA:110,2
DA:113,2
DA:116,2
DA:119,2
DA:122,2
DA:125,2
DA:128,2
DA:134,2
DA:137,2
DA:138,2
DA:139,2
DA:143,2
DA:144,2
DA:147,2
DA:148,2
DA:149,2
DA:152,2
DA:155,2
DA:156,2
DA:160,2
DA:164,2
DA:168,2
DA:171,2
DA:174,2
DA:175,2
DA:176,2
DA:177,2
DA:180,2
DA:184,2
DA:192,2
DA:198,2
DA:199,2
DA:203,2
DA:210,2
DA:212,0
DA:213,0
DA:217,0
DA:220,0
DA:225,0
DA:243,2
LF:53
LH:48
BRDA:216,0,0,0
BRDA:216,0,1,0
BRDA:217,1,0,0
BRDA:217,1,1,0
BRDA:219,2,0,0
BRDA:219,2,1,0
BRDA:226,3,0,0
BRDA:226,3,1,0
BRDA:236,4,0,0
BRDA:236,4,1,0
BRDA:237,5,0,0
BRDA:237,5,1,0
BRDA:237,6,0,0
BRDA:237,6,1,0
BRDA:239,7,0,0
BRDA:239,7,1,0
BRDA:241,8,0,0
BRDA:241,8,1,0
BRDA:242,9,0,0
BRDA:242,9,1,0
BRDA:242,10,0,0
BRDA:242,10,1,0
BRF:22
BRH:0
end_of_record
TN:
SF:src/views/MatchDetails.vue
FN:260,render
FN:265,(anonymous_1)
FN:272,(anonymous_2)
FN:282,(anonymous_3)
FN:291,(anonymous_4)
FN:311,(anonymous_5)
FNF:6
FNH:2
FNDA:3,render
FNDA:1,(anonymous_1)
FNDA:0,(anonymous_2)
FNDA:0,(anonymous_3)
FNDA:0,(anonymous_4)
FNDA:0,(anonymous_5)
DA:4,1
DA:5,1
DA:8,1
DA:113,1
DA:115,1
DA:118,1
DA:119,1
DA:120,1
DA:123,1
DA:126,1
DA:127,1
DA:130,1
DA:133,1
DA:136,1
DA:139,1
DA:146,1
DA:149,1
DA:152,1
DA:153,1
DA:156,1
DA:159,1
DA:162,1
DA:165,1
DA:168,1
DA:172,1
DA:173,1
DA:174,1
DA:178,1
DA:179,1
DA:180,1
DA:184,1
DA:187,1
DA:190,1
DA:193,1
DA:200,1
DA:201,1
DA:202,1
DA:209,1
DA:212,1
DA:213,1
DA:216,1
DA:219,1
DA:222,1
DA:225,1
DA:228,1
DA:231,1
DA:238,1
DA:239,1
DA:240,1
DA:247,1
DA:250,1
DA:251,1
DA:254,1
DA:257,1
DA:261,3
DA:262,3
DA:265,1
DA:272,0
DA:282,0
DA:292,0
DA:312,0
DA:324,1
LF:62
LH:58
BRDA:265,0,0,3
BRDA:265,0,1,3
BRDA:272,1,0,3
BRDA:272,1,1,3
BRDA:282,2,0,3
BRDA:282,2,1,3
BRDA:283,3,0,3
BRDA:283,3,1,0
BRDA:283,4,0,0
BRDA:283,4,1,3
BRDA:283,5,0,0
BRDA:283,5,1,3
BRF:12
BRH:9
end_of_record
TN:
SF:src/views/MatchList.vue
FN:425,render
FN:439,(anonymous_1)
FN:447,(anonymous_2)
FN:464,(anonymous_3)
FN:486,(anonymous_4)
FN:508,(anonymous_5)
FN:526,(anonymous_6)
FN:533,(anonymous_7)
FNF:8
FNH:1
FNDA:1,render
FNDA:0,(anonymous_1)
FNDA:0,(anonymous_2)
FNDA:0,(anonymous_3)
FNDA:0,(anonymous_4)
FNDA:0,(anonymous_5)
FNDA:0,(anonymous_6)
FNDA:0,(anonymous_7)
DA:4,1
DA:5,1
DA:8,1
DA:9,1
DA:10,1
DA:11,1
DA:12,1
DA:13,1
DA:14,1
DA:292,1
DA:294,1
DA:297,1
DA:298,1
DA:299,1
DA:306,1
DA:309,1
DA:312,1
DA:315,1
DA:318,1
DA:323,1
DA:328,1
DA:331,1
DA:334,1
DA:341,1
DA:361,1
DA:366,1
DA:369,1
DA:372,1
DA:373,1
DA:374,1
DA:377,1
DA:380,1
DA:383,1
DA:386,1
DA:389,1
DA:390,1
DA:391,1
DA:392,1
DA:395,1
DA:410,1
DA:413,1
DA:414,1
DA:415,1
DA:416,1
DA:419,1
DA:426,1
DA:427,1
DA:428,1
DA:439,0
DA:448,0
DA:464,0
DA:486,0
DA:508,0
DA:526,0
DA:533,0
DA:536,1
LF:56
LH:49
BRDA:431,0,0,0
BRDA:431,0,1,1
BRDA:441,1,0,1
BRDA:441,1,1,0
BRDA:441,2,0,0
BRDA:441,2,1,1
BRDA:458,3,0,0
BRDA:458,3,1,0
BRDA:459,4,0,0
BRDA:459,4,1,0
BRDA:464,5,0,0
BRDA:464,5,1,0
BRDA:480,6,0,0
BRDA:480,6,1,0
BRDA:481,7,0,0
BRDA:481,7,1,0
BRDA:486,8,0,0
BRDA:486,8,1,0
BRDA:486,9,0,0
BRDA:486,9,1,0
BRDA:502,10,0,0
BRDA:502,10,1,0
BRDA:503,11,0,0
BRDA:503,11,1,0
BRDA:508,12,0,0
BRDA:508,12,1,0
BRF:26
BRH:3
end_of_record
TN:
SF:src/views/MatchScoring.vue
FN:800,render
FN:829,(anonymous_1)
FN:830,(anonymous_2)
FN:835,(anonymous_3)
FN:835,(anonymous_4)
FN:849,(anonymous_5)
FN:862,(anonymous_6)
FN:866,(anonymous_7)
FN:870,(anonymous_8)
FN:874,(anonymous_9)
FN:878,(anonymous_10)
FN:882,(anonymous_11)
FN:886,(anonymous_12)
FN:890,(anonymous_13)
FN:894,(anonymous_14)
FN:898,(anonymous_15)
FN:902,(anonymous_16)
FN:906,(anonymous_17)
FN:915,(anonymous_18)
FN:922,(anonymous_19)
FN:932,(anonymous_20)
FN:941,(anonymous_21)
FN:943,(anonymous_22)
FN:945,(anonymous_23)
FN:950,(anonymous_24)
FNF:25
FNH:5
FNDA:12,render
FNDA:0,(anonymous_1)
FNDA:16,(anonymous_2)
FNDA:0,(anonymous_3)
FNDA:0,(anonymous_4)
FNDA:2,(anonymous_5)
FNDA:0,(anonymous_6)
FNDA:0,(anonymous_7)
FNDA:0,(anonymous_8)
FNDA:0,(anonymous_9)
FNDA:0,(anonymous_10)
FNDA:0,(anonymous_11)
FNDA:0,(anonymous_12)
FNDA:0,(anonymous_13)
FNDA:0,(anonymous_14)
FNDA:0,(anonymous_15)
FNDA:0,(anonymous_16)
FNDA:0,(anonymous_17)
FNDA:8,(anonymous_18)
FNDA:0,(anonymous_19)
FNDA:0,(anonymous_20)
FNDA:0,(anonymous_21)
FNDA:4,(anonymous_22)
FNDA:0,(anonymous_23)
FNDA:0,(anonymous_24)
DA:4,1
DA:5,1
DA:8,1
DA:9,1
DA:10,1
DA:11,1
DA:12,1
DA:13,1
DA:640,1
DA:642,1
DA:645,1
DA:646,1
DA:647,1
DA:651,1
DA:654,1
DA:657,1
DA:660,1
DA:661,1
DA:667,1
DA:670,1
DA:673,1
DA:676,1
DA:679,1
DA:680,1
DA:683,1
DA:686,1
DA:689,1
DA:692,1
DA:693,1
DA:696,1
DA:699,1
DA:706,1
DA:712,1
DA:716,1
DA:722,1
DA:725,1
DA:729,1
DA:735,1
DA:736,1
DA:739,1
DA:742,1
DA:746,1
DA:752,1
DA:755,1
DA:759,1
DA:760,1
DA:764,1
DA:767,1
DA:768,1
DA:769,1
DA:770,1
DA:771,1
DA:772,1
DA:773,1
DA:774,1
DA:775,1
DA:776,1
DA:777,1
DA:778,1
DA:779,1
DA:782,1
DA:785,1
DA:788,1
DA:791,1
DA:794,1
DA:797,1
DA:801,12
DA:802,12
DA:803,12
DA:804,12
DA:805,12
DA:831,16
DA:835,0
DA:836,0
DA:837,0
DA:838,0
DA:839,0
DA:840,0
DA:841,0
DA:842,0
DA:843,0
DA:844,0
DA:845,0
DA:847,0
DA:850,2
DA:851,0
DA:852,2
DA:853,0
DA:854,2
DA:855,0
DA:856,2
DA:857,0
DA:859,2
DA:862,0
DA:866,0
DA:870,0
DA:874,0
DA:878,0
DA:882,0
DA:886,0
DA:890,0
DA:894,0
DA:898,0
DA:902,0
DA:906,0
DA:915,8
DA:922,0
DA:932,0
DA:941,0
DA:943,4
DA:946,0
DA:951,0
DA:958,1
LF:113
LH:80
BRDA:810,0,0,12
BRDA:810,0,1,12
BRDA:820,1,0,12
BRDA:820,1,1,12
BRDA:829,2,0,12
BRDA:829,2,1,4
BRDA:830,3,0,0
BRDA:830,3,1,12
BRDA:830,4,0,12
BRDA:830,4,1,0
BRDA:834,5,0,8
BRDA:834,5,1,8
BRDA:835,6,0,0
BRDA:835,6,1,12
BRDA:835,7,0,12
BRDA:835,7,1,12
BRDA:835,8,0,0
BRDA:835,8,1,12
BRDA:838,9,0,0
BRDA:838,9,1,0
BRDA:838,10,0,0
BRDA:838,10,1,0
BRDA:840,11,0,0
BRDA:840,11,1,0
BRDA:842,12,0,0
BRDA:842,12,1,0
BRDA:844,13,0,0
BRDA:844,13,1,0
BRDA:849,14,0,2
BRDA:849,14,1,10
BRDA:850,15,0,0
BRDA:850,15,1,2
BRDA:850,16,0,2
BRDA:850,16,1,2
BRDA:852,17,0,0
BRDA:852,17,1,2
BRDA:854,18,0,0
BRDA:854,18,1,2
BRDA:856,19,0,0
BRDA:856,19,1,2
BRDA:862,20,0,12
BRDA:862,20,1,4
BRDA:866,21,0,12
BRDA:866,21,1,4
BRDA:870,22,0,12
BRDA:870,22,1,4
BRDA:874,23,0,12
BRDA:874,23,1,4
BRDA:878,24,0,12
BRDA:878,24,1,4
BRDA:882,25,0,12
BRDA:882,25,1,4
BRDA:886,26,0,12
BRDA:886,26,1,4
BRDA:890,27,0,12
BRDA:890,27,1,4
BRDA:894,28,0,12
BRDA:894,28,1,4
BRDA:898,29,0,12
BRDA:898,29,1,4
BRDA:902,30,0,12
BRDA:902,30,1,4
BRDA:906,31,0,12
BRDA:906,31,1,4
BRDA:915,32,0,0
BRDA:915,32,1,8
BRDA:922,33,0,0
BRDA:922,33,1,0
BRDA:925,34,0,0
BRDA:925,34,1,8
BRDA:932,35,0,0
BRDA:932,35,1,0
BRDA:941,36,0,8
BRDA:941,36,1,4
BRDA:945,37,0,0
BRDA:945,37,1,8
BRDA:949,38,0,0
BRDA:949,38,1,0
BRDA:949,39,0,0
BRDA:949,39,1,0
BRDA:950,40,0,0
BRDA:950,40,1,8
BRDA:954,41,0,0
BRDA:954,41,1,0
BRDA:954,42,0,0
BRDA:954,42,1,0
BRF:86
BRH:52
end_of_record
TN:
SF:src/views/MatchToss.vue
FN:313,render
FN:318,(anonymous_1)
FN:323,(anonymous_2)
FN:327,(anonymous_3)
FN:337,(anonymous_4)
FN:345,(anonymous_5)
FN:360,(anonymous_6)
FN:362,(anonymous_7)
FNF:8
FNH:5
FNDA:2,render
FNDA:2,(anonymous_1)
FNDA:2,(anonymous_2)
FNDA:0,(anonymous_3)
FNDA:4,(anonymous_4)
FNDA:0,(anonymous_5)
FNDA:0,(anonymous_6)
FNDA:1,(anonymous_7)
DA:4,1
DA:5,1
DA:8,1
DA:9,1
DA:10,1
DA:11,1
DA:12,1
DA:13,1
DA:14,1
DA:253,1
DA:255,1
DA:258,1
DA:259,1
DA:260,1
DA:263,1
DA:266,1
DA:269,1
DA:274,1
DA:275,1
DA:278,1
DA:279,1
DA:282,1
DA:283,1
DA:288,1
DA:289,1
DA:292,1
DA:293,1
DA:296,1
DA:299,1
DA:302,1
DA:308,1
DA:311,1
DA:312,1
DA:314,2
DA:315,2
DA:316,2
DA:317,2
DA:318,2
DA:319,2
DA:323,2
DA:327,0
DA:338,4
DA:345,0
DA:360,0
DA:362,1
DA:365,1
LF:46
LH:43
BRDA:360,0,0,2
BRDA:360,0,1,1
BRDA:362,1,0,0
BRDA:362,1,1,1
BRF:4
BRH:3
end_of_record
TN:
SF:src/views/NavBar.vue
FN:90,render
FN:99,(anonymous_1)
FN:112,(anonymous_2)
FN:119,(anonymous_3)
FN:126,(anonymous_4)
FN:133,(anonymous_5)
FNF:6
FNH:5
FNDA:25,render
FNDA:25,(anonymous_1)
FNDA:25,(anonymous_2)
FNDA:25,(anonymous_3)
FNDA:25,(anonymous_4)
FNDA:0,(anonymous_5)
DA:4,26
DA:5,26
DA:8,26
DA:9,26
DA:55,26
DA:57,26
DA:60,26
DA:61,26
DA:62,26
DA:68,26
DA:71,26
DA:72,26
DA:78,26
DA:82,26
DA:83,26
DA:86,26
DA:91,25
DA:92,25
DA:93,25
DA:99,25
DA:112,25
DA:119,25
DA:126,25
DA:133,0
DA:135,26
LF:25
LH:24
BRDA:133,0,0,25
BRDA:133,0,1,25
BRF:2
BRH:2
end_of_record
TN:
SF:src/views/NotFound.vue
FN:26,render
FN:34,(anonymous_1)
FNF:2
FNH:2
FNDA:1,render
FNDA:1,(anonymous_1)
DA:4,1
DA:7,1
DA:8,1
DA:13,1
DA:15,1
DA:18,1
DA:19,1
DA:20,1
DA:23,1
DA:24,1
DA:27,1
DA:28,1
DA:34,1
DA:37,1
LF:14
LH:14
BRF:0
BRH:0
end_of_record
TN:
SF:src/views/PlayerList.vue
FN:248,render
FN:257,(anonymous_1)
FN:264,(anonymous_2)
FN:267,(anonymous_3)
FN:270,(anonymous_4)
FN:279,(anonymous_5)
FNF:6
FNH:4
FNDA:6,render
FNDA:3,(anonymous_1)
FNDA:0,(anonymous_2)
FNDA:3,(anonymous_3)
FNDA:6,(anonymous_4)
FNDA:0,(anonymous_5)
DA:4,1
DA:5,1
DA:8,1
DA:9,1
DA:10,1
DA:11,1
DA:12,1
DA:13,1
DA:198,1
DA:200,1
DA:203,1
DA:204,1
DA:205,1
DA:208,1
DA:211,1
DA:215,1
DA:218,1
DA:219,1
DA:222,1
DA:225,1
DA:228,1
DA:229,1
DA:235,1
DA:236,1
DA:239,1
DA:240,1
DA:243,1
DA:247,1
DA:249,6
DA:250,6
DA:251,6
DA:252,6
DA:257,3
DA:264,0
DA:267,3
DA:271,6
DA:279,0
DA:306,1
LF:38
LH:36
BRDA:252,0,0,6
BRDA:252,0,1,0
BRDA:260,1,0,3
BRDA:260,1,1,3
BRDA:264,2,0,3
BRDA:264,2,1,3
BRDA:286,3,0,6
BRDA:286,3,1,0
BRDA:292,4,0,0
BRDA:292,4,1,6
BRDA:292,5,0,0
BRDA:292,5,1,6
BRDA:292,6,0,6
BRDA:292,6,1,6
BRDA:298,7,0,0
BRDA:298,7,1,6
BRDA:298,8,0,0
BRDA:298,8,1,6
BRDA:298,9,0,6
BRDA:298,9,1,6
BRDA:299,10,0,0
BRDA:299,10,1,6
BRF:22
BRH:15
end_of_record
TN:
SF:src/views/PointTable.vue
FN:13,(anonymous_0)
FN:16,(anonymous_1)
FN:40,render
FNF:3
FNH:3
FNDA:1,(anonymous_0)
FNDA:1,(anonymous_1)
FNDA:1,render
DA:4,1
DA:7,1
DA:8,1
DA:9,1
DA:10,1
DA:11,1
DA:12,1
DA:14,1
DA:17,1
DA:22,1
DA:24,1
DA:27,1
DA:28,1
DA:29,1
DA:32,1
DA:39,1
DA:41,1
DA:42,1
LF:18
LH:18
BRF:0
BRH:0
end_of_record
TN:
SF:src/views/ProfileEdit.vue
FN:201,render
FN:208,(anonymous_1)
FN:216,(anonymous_2)
FN:224,(anonymous_3)
FN:232,(anonymous_4)
FN:234,(anonymous_5)
FNF:6
FNH:2
FNDA:2,render
FNDA:0,(anonymous_1)
FNDA:0,(anonymous_2)
FNDA:0,(anonymous_3)
FNDA:0,(anonymous_4)
FNDA:1,(anonymous_5)
DA:4,1
DA:5,1
DA:8,1
DA:9,1
DA:132,1
DA:134,1
DA:137,1
DA:138,1
DA:139,1
DA:142,1
DA:145,1
DA:148,1
DA:151,1
DA:154,1
DA:158,1
DA:161,1
DA:165,1
DA:169,1
DA:173,1
DA:183,1
DA:186,1
DA:189,1
DA:193,1
DA:197,1
DA:202,2
DA:203,2
DA:204,2
DA:208,0
DA:217,0
DA:224,0
DA:232,0
DA:234,1
DA:237,1
LF:33
LH:29
BRDA:208,0,0,2
BRDA:208,0,1,1
BRDA:211,1,0,1
BRDA:211,1,1,1
BRDA:211,2,0,0
BRDA:211,2,1,2
BRDA:211,3,0,2
BRDA:211,3,1,1
BRDA:211,3,2,1
BRDA:216,4,0,0
BRDA:216,4,1,0
BRDA:217,5,0,0
BRDA:217,5,1,0
BRDA:224,6,0,2
BRDA:224,6,1,1
BRDA:227,7,0,0
BRDA:227,7,1,2
BRDA:227,8,0,1
BRDA:227,8,1,1
BRDA:227,9,0,2
BRDA:227,9,1,2
BRDA:232,10,0,2
BRDA:232,10,1,1
BRF:23
BRH:17
end_of_record
TN:
SF:src/views/RegisterEmail.vue
FN:229,render
FN:238,(anonymous_1)
FN:251,(anonymous_2)
FN:252,(anonymous_3)
FN:263,(anonymous_4)
FN:266,(anonymous_5)
FN:271,(anonymous_6)
FNF:7
FNH:3
FNDA:1,render
FNDA:1,(anonymous_1)
FNDA:0,(anonymous_2)
FNDA:0,(anonymous_3)
FNDA:0,(anonymous_4)
FNDA:0,(anonymous_5)
FNDA:1,(anonymous_6)
DA:4,1
DA:5,1
DA:8,1
DA:9,1
DA:140,1
DA:142,1
DA:145,1
DA:146,1
DA:147,1
DA:150,1
DA:153,1
DA:154,1
DA:157,1
DA:160,1
DA:163,1
DA:183,1
DA:186,1
DA:189,1
DA:192,1
DA:197,1
DA:200,1
DA:203,1
DA:207,1
DA:211,1
DA:215,1
DA:219,1
DA:225,1
DA:230,1
DA:231,1
DA:232,1
DA:233,1
DA:238,1
DA:251,0
DA:253,0
DA:263,0
DA:266,0
DA:271,1
DA:274,1
LF:38
LH:34
BRDA:251,0,0,1
BRDA:251,0,1,1
BRDA:256,1,0,0
BRDA:256,1,1,0
BRDA:256,2,0,0
BRDA:256,2,1,0
BRDA:257,3,0,1
BRDA:257,3,1,0
BRDA:263,4,0,1
BRDA:263,4,1,1
BRDA:266,5,0,0
BRDA:266,5,1,0
BRF:12
BRH:5
end_of_record
TN:
SF:src/views/RegisterEmailResponse.vue
FN:111,render
FNF:1
FNH:1
FNDA:1,render
DA:4,1
DA:5,1
DA:8,1
DA:9,1
DA:104,1
DA:106,1
DA:109,1
DA:110,1
DA:112,1
DA:113,1
LF:10
LH:10
BRF:0
BRH:0
end_of_record
TN:
SF:src/views/ResetPassword.vue
FN:308,render
FN:318,(anonymous_1)
FN:327,(anonymous_2)
FN:335,(anonymous_3)
FN:341,(anonymous_4)
FN:343,(anonymous_5)
FN:354,(anonymous_6)
FN:356,(anonymous_7)
FN:361,(anonymous_8)
FNF:9
FNH:3
FNDA:1,render
FNDA:1,(anonymous_1)
FNDA:0,(anonymous_2)
FNDA:0,(anonymous_3)
FNDA:0,(anonymous_4)
FNDA:0,(anonymous_5)
FNDA:0,(anonymous_6)
FNDA:0,(anonymous_7)
FNDA:1,(anonymous_8)
DA:4,1
DA:5,1
DA:8,1
DA:9,1
DA:198,1
DA:200,1
DA:203,1
DA:204,1
DA:205,1
DA:208,1
DA:211,1
DA:212,1
DA:215,1
DA:218,1
DA:221,1
DA:241,1
DA:244,1
DA:247,1
DA:250,1
DA:255,1
DA:258,1
DA:259,1
DA:263,1
DA:264,1
DA:267,1
DA:277,1
DA:280,1
DA:283,1
DA:286,1
DA:289,1
DA:293,1
DA:294,1
DA:295,1
DA:298,1
DA:304,1
DA:309,1
DA:310,1
DA:311,1
DA:312,1
DA:318,1
DA:328,0
DA:335,0
DA:341,0
DA:344,0
DA:354,0
DA:356,0
DA:361,1
DA:364,1
LF:48
LH:42
BRDA:327,0,0,1
BRDA:327,0,1,1
BRDA:328,1,0,0
BRDA:328,1,1,0
BRDA:335,2,0,1
BRDA:335,2,1,1
BRDA:337,3,0,0
BRDA:337,3,1,1
BRDA:341,4,0,1
BRDA:341,4,1,1
BRDA:347,5,0,0
BRDA:347,5,1,0
BRDA:348,6,0,0
BRDA:348,6,1,1
BRDA:348,7,0,1
BRDA:348,7,1,0
BRDA:348,7,2,0
BRDA:354,8,0,1
BRDA:354,8,1,1
BRDA:356,9,0,0
BRDA:356,9,1,0
BRF:21
BRH:11
end_of_record
TN:
SF:src/views/RoundList.vue
FN:324,render
FN:338,(anonymous_1)
FN:341,(anonymous_2)
FN:351,(anonymous_3)
FN:355,(anonymous_4)
FN:376,(anonymous_5)
FN:382,(anonymous_6)
FN:387,(anonymous_7)
FN:390,(anonymous_8)
FNF:9
FNH:1
FNDA:1,render
FNDA:0,(anonymous_1)
FNDA:0,(anonymous_2)
FNDA:0,(anonymous_3)
FNDA:0,(anonymous_4)
FNDA:0,(anonymous_5)
FNDA:0,(anonymous_6)
FNDA:0,(anonymous_7)
FNDA:0,(anonymous_8)
DA:4,1
DA:5,1
DA:8,1
DA:9,1
DA:10,1
DA:11,1
DA:12,1
DA:13,1
DA:208,1
DA:210,1
DA:213,1
DA:214,1
DA:215,1
DA:222,1
DA:225,1
DA:228,1
DA:231,1
DA:234,1
DA:239,1
DA:244,1
DA:247,1
DA:250,1
DA:257,1
DA:283,1
DA:288,1
DA:291,1
DA:294,1
DA:295,1
DA:296,1
DA:302,1
DA:308,1
DA:314,1
DA:315,1
DA:318,1
DA:325,1
DA:326,1
DA:327,1
DA:338,0
DA:341,0
DA:352,0
DA:355,0
DA:376,0
DA:382,0
DA:387,0
DA:390,0
DA:393,1
LF:46
LH:38
BRDA:330,0,0,0
BRDA:330,0,1,1
BRDA:338,1,0,1
BRDA:338,1,1,1
BRDA:343,2,0,1
BRDA:343,2,1,0
BRDA:343,3,0,0
BRDA:343,3,1,1
BRDA:355,4,0,0
BRDA:355,4,1,0
BRDA:360,5,0,0
BRDA:360,5,1,0
BRDA:376,6,0,1
BRDA:376,6,1,1
BRDA:387,7,0,1
BRDA:387,7,1,1
BRF:16
BRH:9
end_of_record
TN:
SF:src/views/SendEmailResetPassword.vue
FN:260,render
FN:271,(anonymous_1)
FN:280,(anonymous_2)
FN:285,(anonymous_3)
FN:286,(anonymous_4)
FN:297,(anonymous_5)
FN:299,(anonymous_6)
FN:306,(anonymous_7)
FNF:8
FNH:5
FNDA:2,render
FNDA:2,(anonymous_1)
FNDA:4,(anonymous_2)
FNDA:0,(anonymous_3)
FNDA:0,(anonymous_4)
FNDA:0,(anonymous_5)
FNDA:3,(anonymous_6)
FNDA:2,(anonymous_7)
DA:4,1
DA:5,1
DA:8,1
DA:9,1
DA:163,1
DA:165,1
DA:168,1
DA:169,1
DA:170,1
DA:174,1
DA:178,1
DA:182,1
DA:185,1
DA:188,1
DA:189,1
DA:192,1
DA:195,1
DA:198,1
DA:218,1
DA:221,1
DA:224,1
DA:229,1
DA:232,1
DA:236,1
DA:239,1
DA:240,1
DA:241,1
DA:244,1
DA:245,1
DA:246,1
DA:250,1
DA:256,1
DA:261,2
DA:262,2
DA:263,2
DA:264,2
DA:265,2
DA:271,2
DA:280,4
DA:285,0
DA:287,0
DA:297,0
DA:299,3
DA:306,2
DA:309,1
LF:45
LH:42
BRDA:285,0,0,4
BRDA:285,0,1,2
BRDA:290,1,0,0
BRDA:290,1,1,0
BRDA:290,2,0,0
BRDA:290,2,1,0
BRDA:291,3,0,4
BRDA:291,3,1,0
BRDA:297,4,0,4
BRDA:297,4,1,2
BRDA:299,5,0,1
BRDA:299,5,1,2
BRF:12
BRH:7
end_of_record
TN:
SF:src/views/SignIn.vue
FN:298,render
FN:319,(anonymous_1)
FN:324,(anonymous_2)
FN:331,(anonymous_3)
FN:334,(anonymous_4)
FN:344,(anonymous_5)
FN:347,(anonymous_6)
FN:356,(anonymous_7)
FN:363,(anonymous_8)
FN:365,(anonymous_9)
FN:373,(anonymous_10)
FN:381,(anonymous_11)
FN:389,(anonymous_12)
FNF:13
FNH:7
FNDA:1,render
FNDA:1,(anonymous_1)
FNDA:1,(anonymous_2)
FNDA:0,(anonymous_3)
FNDA:0,(anonymous_4)
FNDA:0,(anonymous_5)
FNDA:0,(anonymous_6)
FNDA:0,(anonymous_7)
FNDA:0,(anonymous_8)
FNDA:1,(anonymous_9)
FNDA:1,(anonymous_10)
FNDA:1,(anonymous_11)
FNDA:1,(anonymous_12)
DA:4,1
DA:5,1
DA:8,1
DA:9,1
DA:165,1
DA:167,1
DA:170,1
DA:171,1
DA:172,1
DA:176,1
DA:180,1
DA:184,1
DA:187,1
DA:190,1
DA:191,1
DA:194,1
DA:197,1
DA:200,1
DA:220,1
DA:223,1
DA:227,1
DA:228,1
DA:231,1
DA:234,1
DA:237,1
DA:240,1
DA:243,1
DA:247,1
DA:251,1
DA:254,1
DA:257,1
DA:260,1
DA:261,1
DA:265,1
DA:268,1
DA:271,1
DA:275,1
DA:278,1
DA:282,1
DA:288,1
DA:292,1
DA:295,1
DA:296,1
DA:299,1
DA:300,1
DA:301,1
DA:302,1
DA:303,1
DA:304,1
DA:319,1
DA:324,1
DA:331,0
DA:335,0
DA:344,0
DA:348,0
DA:356,0
DA:363,0
DA:365,1
DA:373,1
DA:381,1
DA:389,1
DA:392,1
LF:62
LH:56
BRDA:331,0,0,1
BRDA:331,0,1,1
BRDA:334,1,0,1
BRDA:334,1,1,0
BRDA:338,2,0,0
BRDA:338,2,1,0
BRDA:338,3,0,0
BRDA:338,3,1,0
BRDA:340,4,0,0
BRDA:340,4,1,1
BRDA:344,5,0,1
BRDA:344,5,1,1
BRDA:351,6,0,0
BRDA:351,6,1,0
BRDA:351,7,0,0
BRDA:351,7,1,0
BRDA:352,8,0,1
BRDA:352,8,1,0
BRDA:356,9,0,1
BRDA:356,9,1,1
BRDA:363,10,0,1
BRDA:363,10,1,1
BRDA:365,11,0,0
BRDA:365,11,1,1
BRF:24
BRH:12
end_of_record
TN:
SF:src/views/SignUp.vue
FN:460,render
FN:471,(anonymous_1)
FN:480,(anonymous_2)
FN:485,(anonymous_3)
FN:490,(anonymous_4)
FN:498,(anonymous_5)
FN:501,(anonymous_6)
FN:511,(anonymous_7)
FN:516,(anonymous_8)
FN:524,(anonymous_9)
FN:527,(anonymous_10)
FN:536,(anonymous_11)
FN:543,(anonymous_12)
FN:546,(anonymous_13)
FN:554,(anonymous_14)
FN:562,(anonymous_15)
FNF:16
FNH:10
FNDA:9,render
FNDA:9,(anonymous_1)
FNDA:17,(anonymous_2)
FNDA:1,(anonymous_3)
FNDA:0,(anonymous_4)
FNDA:1,(anonymous_5)
FNDA:0,(anonymous_6)
FNDA:3,(anonymous_7)
FNDA:0,(anonymous_8)
FNDA:3,(anonymous_9)
FNDA:0,(anonymous_10)
FNDA:0,(anonymous_11)
FNDA:0,(anonymous_12)
FNDA:9,(anonymous_13)
FNDA:17,(anonymous_14)
FNDA:9,(anonymous_15)
DA:4,1
DA:5,1
DA:8,1
DA:9,1
DA:37,1
DA:43,1
DA:287,1
DA:289,1
DA:292,1
DA:293,1
DA:294,1
DA:297,1
DA:300,1
DA:301,1
DA:304,1
DA:307,1
DA:327,1
DA:330,1
DA:333,1
DA:338,1
DA:341,1
DA:344,1
DA:347,1
DA:351,1
DA:355,1
DA:356,1
DA:366,1
DA:369,1
DA:370,1
DA:374,1
DA:377,1
DA:381,1
DA:385,1
DA:388,1
DA:389,1
DA:393,1
DA:397,1
DA:398,1
DA:408,1
DA:411,1
DA:412,1
DA:416,1
DA:419,1
DA:423,1
DA:426,1
DA:430,1
DA:431,1
DA:432,1
DA:436,1
DA:439,1
DA:443,1
DA:449,1
DA:453,1
DA:456,1
DA:461,9
DA:462,9
DA:463,9
DA:464,9
DA:465,9
DA:466,9
DA:471,9
DA:480,17
DA:485,1
DA:491,0
DA:498,1
DA:502,0
DA:511,3
DA:517,0
DA:524,3
DA:528,0
DA:536,0
DA:543,0
DA:546,9
DA:554,17
DA:562,9
DA:565,1
LF:76
LH:70
BRDA:485,0,0,17
BRDA:485,0,1,9
BRDA:488,1,0,0
BRDA:488,1,1,17
BRDA:490,2,0,0
BRDA:490,2,1,0
BRDA:491,3,0,0
BRDA:491,3,1,0
BRDA:493,4,0,17
BRDA:493,4,1,0
BRDA:498,5,0,17
BRDA:498,5,1,9
BRDA:506,6,0,17
BRDA:506,6,1,0
BRDA:507,7,0,0
BRDA:507,7,1,17
BRDA:511,8,0,17
BRDA:511,8,1,9
BRDA:514,9,0,0
BRDA:514,9,1,17
BRDA:516,10,0,0
BRDA:516,10,1,0
BRDA:517,11,0,0
BRDA:517,11,1,0
BRDA:519,12,0,17
BRDA:519,12,1,0
BRDA:524,13,0,17
BRDA:524,13,1,9
BRDA:531,14,0,0
BRDA:531,14,1,0
BRDA:532,15,0,1
BRDA:532,15,1,16
BRDA:532,16,0,17
BRDA:532,16,1,5
BRDA:532,16,2,2
BRDA:532,17,0,17
BRDA:532,17,1,0
BRDA:536,18,0,17
BRDA:536,18,1,9
BRDA:543,19,0,17
BRDA:543,19,1,9
BRDA:546,20,0,0
BRDA:546,20,1,9
BRF:43
BRH:25
end_of_record
TN:
SF:src/views/TeamList.vue
FN:457,render
FN:465,(anonymous_1)
FN:476,(anonymous_2)
FN:489,(anonymous_3)
FN:499,(anonymous_4)
FN:505,(anonymous_5)
FN:507,(anonymous_6)
FN:516,(anonymous_7)
FN:533,(anonymous_8)
FN:539,(anonymous_9)
FN:541,(anonymous_10)
FN:552,(anonymous_11)
FN:558,(anonymous_12)
FN:563,(anonymous_13)
FN:566,(anonymous_14)
FNF:15
FNH:2
FNDA:1,render
FNDA:0,(anonymous_1)
FNDA:0,(anonymous_2)
FNDA:1,(anonymous_3)
FNDA:0,(anonymous_4)
FNDA:0,(anonymous_5)
FNDA:0,(anonymous_6)
FNDA:0,(anonymous_7)
FNDA:0,(anonymous_8)
FNDA:0,(anonymous_9)
FNDA:0,(anonymous_10)
FNDA:0,(anonymous_11)
FNDA:0,(anonymous_12)
FNDA:0,(anonymous_13)
FNDA:0,(anonymous_14)
DA:4,1
DA:5,1
DA:8,1
DA:9,1
DA:10,1
DA:11,1
DA:12,1
DA:13,1
DA:263,1
DA:265,1
DA:268,1
DA:269,1
DA:270,1
DA:273,1
DA:276,1
DA:279,1
DA:282,1
DA:285,1
DA:289,1
DA:292,1
DA:295,1
DA:300,1
DA:303,1
DA:306,1
DA:313,1
DA:346,1
DA:351,1
DA:354,1
DA:357,1
DA:358,1
DA:359,1
DA:365,1
DA:371,1
DA:377,1
DA:378,1
DA:384,1
DA:385,1
DA:391,1
DA:392,1
DA:393,1
DA:399,1
DA:400,1
DA:405,1
DA:408,1
DA:411,1
DA:412,1
DA:413,1
DA:419,1
DA:425,1
DA:431,1
DA:432,1
DA:438,1
DA:439,1
DA:446,1
DA:447,1
DA:450,1
DA:454,1
DA:458,1
DA:459,1
DA:460,1
DA:465,0
DA:476,0
DA:489,1
DA:500,0
DA:505,0
DA:507,0
DA:516,0
DA:534,0
DA:539,0
DA:541,0
DA:552,0
DA:558,0
DA:563,0
DA:566,0
DA:569,1
LF:75
LH:62
BRDA:465,0,0,1
BRDA:465,0,1,1
BRDA:469,1,0,1
BRDA:469,1,1,0
BRDA:476,2,0,1
BRDA:476,2,1,1
BRDA:480,3,0,0
BRDA:480,3,1,1
BRDA:491,4,0,0
BRDA:491,4,1,1
BRDA:491,5,0,0
BRDA:491,5,1,0
BRDA:525,6,0,0
BRDA:525,6,1,0
BRDA:549,7,0,0
BRDA:549,7,1,0
BRDA:552,8,0,0
BRDA:552,8,1,0
BRDA:563,9,0,0
BRDA:563,9,1,0
BRF:20
BRH:7
end_of_record
TN:
SF:src/views/TournamentDetail.vue
FN:172,render
FNF:1
FNH:0
FNDA:0,render
DA:4,2
DA:5,2
DA:8,2
DA:9,2
DA:10,2
DA:11,2
DA:12,2
DA:138,2
DA:140,2
DA:143,2
DA:144,2
DA:145,2
DA:148,2
DA:151,2
DA:154,2
DA:155,2
DA:158,2
DA:161,2
DA:168,2
DA:171,2
DA:173,0
DA:174,0
DA:175,0
DA:176,0
DA:177,0
DA:198,2
LF:26
LH:21
BRDA:182,0,0,0
BRDA:182,0,1,0
BRDA:196,1,0,0
BRDA:196,1,1,0
BRDA:197,2,0,0
BRDA:197,2,1,0
BRF:6
BRH:0
end_of_record
TN:
SF:src/views/TournamentHeader.vue
FN:91,render
FN:107,(anonymous_1)
FN:123,(anonymous_2)
FN:139,(anonymous_3)
FN:155,(anonymous_4)
FNF:5
FNH:0
FNDA:0,render
FNDA:0,(anonymous_1)
FNDA:0,(anonymous_2)
FNDA:0,(anonymous_3)
FNDA:0,(anonymous_4)
DA:4,2
DA:5,2
DA:8,2
DA:9,2
DA:10,2
DA:11,2
DA:12,2
DA:52,2
DA:54,2
DA:57,2
DA:58,2
DA:59,2
DA:66,2
DA:74,2
DA:77,2
DA:78,2
DA:81,2
DA:82,2
DA:85,2
DA:86,2
DA:89,2
DA:92,0
DA:93,0
DA:107,0
DA:123,0
DA:139,0
DA:155,0
DA:158,2
LF:28
LH:22
BRF:0
BRH:0
end_of_record
TN:
SF:src/views/TournamentList.vue
FN:503,render
FN:524,(anonymous_1)
FN:526,(anonymous_2)
FN:531,(anonymous_3)
FN:533,(anonymous_4)
FN:543,(anonymous_5)
FN:544,(anonymous_6)
FN:563,(anonymous_7)
FN:583,(anonymous_8)
FN:599,(anonymous_9)
FN:605,(anonymous_10)
FN:609,(anonymous_11)
FN:611,(anonymous_12)
FN:613,(anonymous_13)
FN:615,(anonymous_14)
FN:622,(anonymous_15)
FN:628,(anonymous_16)
FN:633,(anonymous_17)
FN:636,(anonymous_18)
FN:642,(anonymous_19)
FN:648,(anonymous_20)
FN:657,(anonymous_21)
FN:664,(anonymous_22)
FN:671,(anonymous_23)
FN:672,(anonymous_24)
FN:677,(anonymous_25)
FN:685,(anonymous_26)
FN:688,(anonymous_27)
FN:697,(anonymous_28)
FNF:29
FNH:8
FNDA:1,render
FNDA:0,(anonymous_1)
FNDA:0,(anonymous_2)
FNDA:0,(anonymous_3)
FNDA:1,(anonymous_4)
FNDA:1,(anonymous_5)
FNDA:0,(anonymous_6)
FNDA:0,(anonymous_7)
FNDA:0,(anonymous_8)
FNDA:0,(anonymous_9)
FNDA:0,(anonymous_10)
FNDA:0,(anonymous_11)
FNDA:0,(anonymous_12)
FNDA:0,(anonymous_13)
FNDA:0,(anonymous_14)
FNDA:0,(anonymous_15)
FNDA:1,(anonymous_16)
FNDA:0,(anonymous_17)
FNDA:1,(anonymous_18)
FNDA:1,(anonymous_19)
FNDA:0,(anonymous_20)
FNDA:0,(anonymous_21)
FNDA:0,(anonymous_22)
FNDA:0,(anonymous_23)
FNDA:0,(anonymous_24)
FNDA:0,(anonymous_25)
FNDA:0,(anonymous_26)
FNDA:1,(anonymous_27)
FNDA:1,(anonymous_28)
DA:4,1
DA:5,1
DA:8,1
DA:9,1
DA:10,1
DA:11,1
DA:12,1
DA:13,1
DA:323,1
DA:325,1
DA:328,1
DA:329,1
DA:330,1
DA:334,1
DA:337,1
DA:340,1
DA:341,1
DA:344,1
DA:345,1
DA:346,1
DA:350,1
DA:353,1
DA:356,1
DA:359,1
DA:364,1
DA:367,1
DA:370,1
DA:374,1
DA:378,1
DA:382,1
DA:386,1
DA:390,1
DA:391,1
DA:394,1
DA:397,1
DA:400,1
DA:403,1
DA:404,1
DA:405,1
DA:408,1
DA:409,1
DA:415,1
DA:416,1
DA:417,1
DA:418,1
DA:419,1
DA:420,1
DA:423,1
DA:427,1
DA:431,1
DA:435,1
DA:438,1
DA:442,1
DA:445,1
DA:448,1
DA:451,1
DA:454,1
DA:455,1
DA:458,1
DA:462,1
DA:465,1
DA:469,1
DA:472,1
DA:475,1
DA:478,1
DA:479,1
DA:480,1
DA:483,1
DA:484,1
DA:485,1
DA:488,1
DA:489,1
DA:490,1
DA:493,1
DA:494,1
DA:495,1
DA:498,1
DA:499,1
DA:500,1
DA:504,1
DA:505,1
DA:506,1
DA:507,1
DA:508,1
DA:509,1
DA:524,0
DA:526,0
DA:531,0
DA:533,1
DA:543,1
DA:547,0
DA:548,0
DA:563,0
DA:583,0
DA:600,0
DA:606,0
DA:609,0
DA:611,0
DA:613,0
DA:615,0
DA:622,0
DA:628,1
DA:633,0
DA:636,1
DA:642,1
DA:649,0
DA:657,0
DA:664,0
DA:671,0
DA:673,0
DA:678,0
DA:685,0
DA:688,1
DA:697,1
DA:703,1
LF:115
LH:93
BRDA:509,0,0,0
BRDA:509,0,1,1
BRDA:509,1,0,1
BRDA:509,1,1,0
BRDA:524,2,0,0
BRDA:524,2,1,0
BRDA:528,3,0,1
BRDA:528,3,1,0
BRDA:531,4,0,1
BRDA:531,4,1,1
BRDA:551,5,0,0
BRDA:551,5,1,0
BRDA:551,6,0,0
BRDA:551,6,1,0
BRDA:551,7,0,0
BRDA:551,7,1,0
BRDA:551,8,0,0
BRDA:551,8,1,0
BRDA:557,9,0,0
BRDA:557,9,1,0
BRDA:569,10,0,0
BRDA:569,10,1,0
BRDA:577,11,0,0
BRDA:577,11,1,0
BRDA:589,12,0,0
BRDA:589,12,1,0
BRDA:599,13,0,0
BRDA:599,13,1,0
BRDA:600,14,0,0
BRDA:600,14,1,0
BRDA:605,15,0,0
BRDA:605,15,1,0
BRDA:606,16,0,0
BRDA:606,16,1,0
BRDA:616,17,0,0
BRDA:616,17,1,0
BRDA:616,18,0,0
BRDA:616,18,1,0
BRDA:619,19,0,1
BRDA:619,19,1,0
BRDA:622,20,0,1
BRDA:622,20,1,1
BRDA:633,21,0,1
BRDA:633,21,1,1
BRDA:648,22,0,1
BRDA:648,22,1,1
BRDA:649,23,0,0
BRDA:649,23,1,0
BRDA:657,24,0,1
BRDA:657,24,1,1
BRDA:664,25,0,1
BRDA:664,25,1,1
BRDA:671,26,0,1
BRDA:671,26,1,1
BRDA:676,27,0,0
BRDA:676,27,1,0
BRDA:676,28,0,0
BRDA:676,28,1,0
BRDA:681,29,0,0
BRDA:681,29,1,0
BRDA:681,30,0,0
BRDA:681,30,1,0
BRDA:685,31,0,1
BRDA:685,31,1,1
BRF:64
BRH:20
end_of_record
TN:
SF:src/views/TournamentMatch.vue
FN:14,(anonymous_0)
FN:17,(anonymous_1)
FN:72,(anonymous_2)
FN:78,(anonymous_3)
FN:152,render
FN:153,(anonymous_5)
FN:160,(anonymous_6)
FNF:7
FNH:4
FNDA:1,(anonymous_0)
FNDA:1,(anonymous_1)
FNDA:0,(anonymous_2)
FNDA:0,(anonymous_3)
FNDA:1,render
FNDA:6,(anonymous_5)
FNDA:0,(anonymous_6)
DA:4,1
DA:7,1
DA:8,1
DA:9,1
DA:10,1
DA:11,1
DA:12,1
DA:13,1
DA:15,1
DA:18,1
DA:73,0
DA:74,0
DA:76,0
DA:79,0
DA:87,1
DA:89,1
DA:92,1
DA:93,1
DA:94,1
DA:97,1
DA:103,1
DA:109,1
DA:115,1
DA:118,1
DA:121,1
DA:124,1
DA:127,1
DA:130,1
DA:133,1
DA:136,1
DA:142,1
DA:145,1
DA:153,1
DA:154,6
DA:161,0
DA:165,1
LF:36
LH:31
BRDA:73,0,0,0
BRDA:73,0,1,0
BRDA:160,1,0,6
BRDA:160,1,1,1
BRDA:161,2,0,0
BRDA:161,2,1,0
BRF:6
BRH:2
end_of_record
TN:
SF:src/views/TournamentTeam.vue
FN:84,render
FN:89,(anonymous_1)
FN:91,(anonymous_2)
FNF:3
FNH:1
FNDA:1,render
FNDA:0,(anonymous_1)
FNDA:0,(anonymous_2)
DA:4,1
DA:5,1
DA:8,1
DA:9,1
DA:10,1
DA:11,1
DA:12,1
DA:13,1
DA:62,1
DA:64,1
DA:67,1
DA:68,1
DA:69,1
DA:78,1
DA:82,1
DA:85,1
DA:86,1
DA:89,0
DA:91,0
DA:94,1
LF:20
LH:18
BRDA:86,0,0,0
BRDA:86,0,1,1
BRDA:89,1,0,0
BRDA:89,1,1,0
BRF:4
BRH:1
end_of_record
TN:
SF:src/views/TournamentTeamsList.vue
FN:461,render
FN:482,(anonymous_1)
FN:495,(anonymous_2)
FN:499,(anonymous_3)
FN:502,(anonymous_4)
FN:519,(anonymous_5)
FN:523,(anonymous_6)
FN:529,(anonymous_7)
FN:531,(anonymous_8)
FN:540,(anonymous_9)
FN:544,(anonymous_10)
FNF:11
FNH:2
FNDA:6,render
FNDA:0,(anonymous_1)
FNDA:3,(anonymous_2)
FNDA:0,(anonymous_3)
FNDA:0,(anonymous_4)
FNDA:0,(anonymous_5)
FNDA:0,(anonymous_6)
FNDA:0,(anonymous_7)
FNDA:0,(anonymous_8)
FNDA:0,(anonymous_9)
FNDA:0,(anonymous_10)
DA:4,1
DA:5,1
DA:8,1
DA:9,1
DA:10,1
DA:11,1
DA:12,1
DA:13,1
DA:14,1
DA:266,1
DA:268,1
DA:271,1
DA:272,1
DA:273,1
DA:276,1
DA:279,1
DA:282,1
DA:285,1
DA:290,1
DA:296,1
DA:299,1
DA:304,1
DA:307,1
DA:314,1
DA:348,1
DA:351,1
DA:354,1
DA:355,1
DA:356,1
DA:362,1
DA:367,1
DA:372,1
DA:373,1
DA:379,1
DA:380,1
DA:383,1
DA:387,1
DA:394,1
DA:400,1
DA:401,1
DA:404,1
DA:407,1
DA:410,1
DA:413,1
DA:416,1
DA:422,1
DA:425,1
DA:426,1
DA:432,1
DA:435,1
DA:439,1
DA:440,1
DA:441,1
DA:446,1
DA:450,1
DA:456,1
DA:457,1
DA:462,6
DA:463,6
DA:464,6
DA:465,6
DA:466,6
DA:467,6
DA:482,0
DA:496,3
DA:499,0
DA:502,0
DA:519,0
DA:524,0
DA:529,0
DA:532,0
DA:540,0
DA:544,0
DA:558,1
LF:74
LH:65
BRDA:470,0,0,3
BRDA:470,0,1,3
BRDA:470,1,0,6
BRDA:470,1,1,6
BRDA:479,2,0,6
BRDA:479,2,1,6
BRDA:482,3,0,0
BRDA:482,3,1,0
BRDA:487,4,0,2
BRDA:487,4,1,4
BRDA:487,5,0,6
BRDA:487,5,1,4
BRDA:493,6,0,1
BRDA:493,6,1,3
BRDA:502,7,0,0
BRDA:502,7,1,0
BRDA:507,8,0,0
BRDA:507,8,1,3
BRDA:508,9,0,0
BRDA:508,9,1,3
BRDA:515,10,0,3
BRDA:515,10,1,0
BRDA:523,11,0,0
BRDA:523,11,1,0
BRDA:524,12,0,0
BRDA:524,12,1,0
BRDA:529,13,0,0
BRDA:529,13,1,0
BRDA:531,14,0,0
BRDA:531,14,1,0
BRDA:536,15,0,0
BRDA:536,15,1,0
BRDA:537,16,0,0
BRDA:537,16,1,0
BRDA:544,17,0,0
BRDA:544,17,1,0
BRDA:544,18,0,0
BRDA:544,18,1,0
BRDA:547,19,0,0
BRDA:547,19,1,0
BRF:40
BRH:15
end_of_record
TN:
SF:src/views/UpdateGroup.vue
FN:354,render
FN:368,(anonymous_1)
FN:370,(anonymous_2)
FN:377,(anonymous_3)
FN:381,(anonymous_4)
FN:386,(anonymous_5)
FN:393,(anonymous_6)
FN:419,(anonymous_7)
FN:421,(anonymous_8)
FN:428,(anonymous_9)
FN:430,(anonymous_10)
FNF:11
FNH:3
FNDA:1,render
FNDA:0,(anonymous_1)
FNDA:0,(anonymous_2)
FNDA:0,(anonymous_3)
FNDA:0,(anonymous_4)
FNDA:0,(anonymous_5)
FNDA:0,(anonymous_6)
FNDA:0,(anonymous_7)
FNDA:1,(anonymous_8)
FNDA:0,(anonymous_9)
FNDA:1,(anonymous_10)
DA:4,1
DA:5,1
DA:8,1
DA:9,1
DA:10,1
DA:11,1
DA:12,1
DA:13,1
DA:14,1
DA:255,1
DA:257,1
DA:260,1
DA:261,1
DA:262,1
DA:265,1
DA:268,1
DA:271,1
DA:274,1
DA:275,1
DA:279,1
DA:280,1
DA:281,1
DA:286,1
DA:290,1
DA:293,1
DA:296,1
DA:299,1
DA:302,1
DA:305,1
DA:306,1
DA:309,1
DA:312,1
DA:315,1
DA:318,1
DA:319,1
DA:322,1
DA:325,1
DA:328,1
DA:329,1
DA:330,1
DA:333,1
DA:336,1
DA:342,1
DA:345,1
DA:351,1
DA:355,1
DA:356,1
DA:357,1
DA:358,1
DA:359,1
DA:368,0
DA:370,0
DA:377,0
DA:382,0
DA:387,0
DA:393,0
DA:419,0
DA:421,1
DA:428,0
DA:430,1
DA:434,1
LF:61
LH:53
BRDA:359,0,0,0
BRDA:359,0,1,1
BRDA:368,1,0,0
BRDA:368,1,1,0
BRDA:377,2,0,1
BRDA:377,2,1,1
BRDA:385,3,0,0
BRDA:385,3,1,0
BRDA:385,4,0,0
BRDA:385,4,1,0
BRDA:385,5,0,0
BRDA:385,5,1,0
BRDA:386,6,0,0
BRDA:386,6,1,1
BRDA:393,7,0,0
BRDA:393,7,1,0
BRDA:395,8,0,0
BRDA:395,8,1,0
BRDA:411,9,0,0
BRDA:411,9,1,0
BRDA:412,10,0,0
BRDA:412,10,1,0
BRDA:419,11,0,1
BRDA:419,11,1,1
BRDA:421,12,0,0
BRDA:421,12,1,1
BRDA:428,13,0,1
BRDA:428,13,1,1
BRF:28
BRH:9
end_of_record
TN:
SF:src/views/UpdateMatch.vue
FN:454,render
FN:460,(anonymous_1)
FN:467,(anonymous_2)
FN:474,(anonymous_3)
FN:481,(anonymous_4)
FN:492,(anonymous_5)
FN:497,(anonymous_6)
FN:505,(anonymous_7)
FN:508,(anonymous_8)
FN:517,(anonymous_9)
FN:520,(anonymous_10)
FN:529,(anonymous_11)
FN:532,(anonymous_12)
FN:541,(anonymous_13)
FN:544,(anonymous_14)
FN:552,(anonymous_15)
FN:553,(anonymous_16)
FN:558,(anonymous_17)
FN:567,(anonymous_18)
FN:574,(anonymous_19)
FN:581,(anonymous_20)
FN:587,(anonymous_21)
FNF:22
FNH:1
FNDA:1,render
FNDA:0,(anonymous_1)
FNDA:0,(anonymous_2)
FNDA:0,(anonymous_3)
FNDA:0,(anonymous_4)
FNDA:0,(anonymous_5)
FNDA:0,(anonymous_6)
FNDA:0,(anonymous_7)
FNDA:0,(anonymous_8)
FNDA:0,(anonymous_9)
FNDA:0,(anonymous_10)
FNDA:0,(anonymous_11)
FNDA:0,(anonymous_12)
FNDA:0,(anonymous_13)
FNDA:0,(anonymous_14)
FNDA:0,(anonymous_15)
FNDA:0,(anonymous_16)
FNDA:0,(anonymous_17)
FNDA:0,(anonymous_18)
FNDA:0,(anonymous_19)
FNDA:0,(anonymous_20)
FNDA:0,(anonymous_21)
DA:4,1
DA:5,1
DA:8,1
DA:9,1
DA:10,1
DA:11,1
DA:12,1
DA:13,1
DA:14,1
DA:272,1
DA:274,1
DA:277,1
DA:278,1
DA:279,1
DA:282,1
DA:288,1
DA:289,1
DA:292,1
DA:295,1
DA:298,1
DA:301,1
DA:304,1
DA:307,1
DA:310,1
DA:313,1
DA:316,1
DA:319,1
DA:322,1
DA:325,1
DA:328,1
DA:331,1
DA:334,1
DA:337,1
DA:342,1
DA:345,1
DA:348,1
DA:355,1
DA:359,1
DA:362,1
DA:366,1
DA:369,1
DA:372,1
DA:375,1
DA:378,1
DA:379,1
DA:380,1
DA:381,1
DA:384,1
DA:387,1
DA:391,1
DA:394,1
DA:397,1
DA:400,1
DA:403,1
DA:404,1
DA:405,1
DA:406,1
DA:409,1
DA:412,1
DA:415,1
DA:418,1
DA:421,1
DA:424,1
DA:427,1
DA:430,1
DA:433,1
DA:436,1
DA:439,1
DA:442,1
DA:445,1
DA:451,1
DA:455,1
DA:456,1
DA:457,1
DA:460,0
DA:467,0
DA:474,0
DA:481,0
DA:492,0
DA:497,0
DA:505,0
DA:509,0
DA:517,0
DA:521,0
DA:529,0
DA:533,0
DA:541,0
DA:545,0
DA:552,0
DA:554,0
DA:559,0
DA:567,0
DA:574,0
DA:581,0
DA:587,0
DA:591,1
LF:96
LH:75
BRDA:460,0,0,1
BRDA:460,0,1,1
BRDA:467,1,0,1
BRDA:467,1,1,1
BRDA:474,2,0,1
BRDA:474,2,1,1
BRDA:481,3,0,1
BRDA:481,3,1,1
BRDA:492,4,0,1
BRDA:492,4,1,1
BRDA:497,5,0,1
BRDA:497,5,1,1
BRDA:501,6,0,1
BRDA:501,6,1,0
BRDA:505,7,0,1
BRDA:505,7,1,1
BRDA:508,8,0,0
BRDA:508,8,1,1
BRDA:512,9,0,0
BRDA:512,9,1,0
BRDA:512,10,0,0
BRDA:512,10,1,0
BRDA:512,11,0,0
BRDA:512,11,1,0
BRDA:512,11,2,0
BRDA:512,12,0,0
BRDA:512,12,1,0
BRDA:513,13,0,1
BRDA:513,13,1,0
BRDA:517,14,0,1
BRDA:517,14,1,1
BRDA:520,15,0,0
BRDA:520,15,1,1
BRDA:524,16,0,0
BRDA:524,16,1,0
BRDA:524,17,0,0
BRDA:524,17,1,0
BRDA:524,18,0,0
BRDA:524,18,1,0
BRDA:524,18,2,0
BRDA:524,19,0,0
BRDA:524,19,1,0
BRDA:529,20,0,1
BRDA:529,20,1,1
BRDA:541,21,0,1
BRDA:541,21,1,1
BRDA:552,22,0,1
BRDA:552,22,1,1
BRDA:553,23,0,1
BRDA:553,23,1,1
BRDA:554,24,0,0
BRDA:554,24,1,0
BRDA:567,25,0,1
BRDA:567,25,1,1
BRDA:574,26,0,0
BRDA:574,26,1,0
BRDA:581,27,0,1
BRDA:581,27,1,1
BRF:58
BRH:32
end_of_record
TN:
SF:src/views/UpdateTeam.vue
FN:52,(anonymous_0)
FN:462,render
FN:478,(anonymous_2)
FN:491,(anonymous_3)
FN:501,(anonymous_4)
FN:512,(anonymous_5)
FN:515,(anonymous_6)
FN:523,(anonymous_7)
FN:524,(anonymous_8)
FN:531,(anonymous_9)
FN:542,(anonymous_10)
FN:544,(anonymous_11)
FN:553,(anonymous_12)
FNF:13
FNH:4
FNDA:1,(anonymous_0)
FNDA:1,render
FNDA:0,(anonymous_2)
FNDA:0,(anonymous_3)
FNDA:0,(anonymous_4)
FNDA:0,(anonymous_5)
FNDA:0,(anonymous_6)
FNDA:0,(anonymous_7)
FNDA:0,(anonymous_8)
FNDA:0,(anonymous_9)
FNDA:0,(anonymous_10)
FNDA:1,(anonymous_11)
FNDA:1,(anonymous_12)
DA:4,1
DA:5,1
DA:8,1
DA:9,1
DA:10,1
DA:11,1
DA:12,1
DA:47,1
DA:50,1
DA:53,1
DA:54,1
DA:325,1
DA:327,1
DA:330,1
DA:331,1
DA:332,1
DA:335,1
DA:338,1
DA:341,1
DA:344,1
DA:345,1
DA:348,1
DA:351,1
DA:354,1
DA:360,1
DA:363,1
DA:366,1
DA:371,1
DA:381,1
DA:386,1
DA:398,1
DA:402,1
DA:405,1
DA:409,1
DA:412,1
DA:413,1
DA:414,1
DA:417,1
DA:418,1
DA:419,1
DA:422,1
DA:423,1
DA:424,1
DA:427,1
DA:428,1
DA:429,1
DA:432,1
DA:436,1
DA:439,1
DA:440,1
DA:443,1
DA:444,1
DA:445,1
DA:448,1
DA:449,1
DA:450,1
DA:453,1
DA:459,1
DA:463,1
DA:464,1
DA:465,1
DA:466,1
DA:479,0
DA:492,0
DA:502,0
DA:512,0
DA:516,0
DA:523,0
DA:525,0
DA:532,0
DA:542,0
DA:544,1
DA:553,1
DA:556,1
LF:74
LH:65
BRDA:478,0,0,1
BRDA:478,0,1,1
BRDA:479,1,0,0
BRDA:479,1,1,0
BRDA:482,2,0,1
BRDA:482,2,1,0
BRDA:488,3,0,0
BRDA:488,3,1,1
BRDA:491,4,0,0
BRDA:491,4,1,0
BRDA:492,5,0,0
BRDA:492,5,1,0
BRDA:501,6,0,1
BRDA:501,6,1,1
BRDA:502,7,0,0
BRDA:502,7,1,0
BRDA:507,8,0,0
BRDA:507,8,1,1
BRDA:512,9,0,1
BRDA:512,9,1,1
BRDA:519,10,0,0
BRDA:519,10,1,0
BRDA:519,11,0,0
BRDA:519,11,1,0
BRDA:519,12,0,0
BRDA:519,12,1,0
BRDA:519,13,0,0
BRDA:519,13,1,0
BRDA:519,14,0,0
BRDA:519,14,1,0
BRDA:519,15,0,0
BRDA:519,15,1,0
BRDA:519,16,0,0
BRDA:519,16,1,0
BRDA:519,17,0,0
BRDA:519,17,1,0
BRDA:523,18,0,1
BRDA:523,18,1,1
BRDA:535,19,0,0
BRDA:535,19,1,0
BRDA:535,20,0,0
BRDA:535,20,1,0
BRDA:542,21,0,1
BRDA:542,21,1,1
BRDA:544,22,0,0
BRDA:544,22,1,1
BRF:46
BRH:14
end_of_record
TN:
SF:src/views/UpdateTournament.vue
FN:927,render
FN:934,(anonymous_1)
FN:943,(anonymous_2)
FN:947,(anonymous_3)
FN:958,(anonymous_4)
FN:962,(anonymous_5)
FN:973,(anonymous_6)
FN:977,(anonymous_7)
FN:989,(anonymous_8)
FN:990,(anonymous_9)
FN:994,(anonymous_10)
FN:1007,(anonymous_11)
FN:1008,(anonymous_12)
FN:1011,(anonymous_13)
FN:1022,(anonymous_14)
FN:1029,(anonymous_15)
FN:1036,(anonymous_16)
FN:1044,(anonymous_17)
FN:1051,(anonymous_18)
FN:1058,(anonymous_19)
FN:1066,(anonymous_20)
FN:1073,(anonymous_21)
FN:1079,(anonymous_22)
FN:1080,(anonymous_23)
FN:1095,(anonymous_24)
FN:1104,(anonymous_25)
FN:1120,(anonymous_26)
FN:1129,(anonymous_27)
FN:1139,(anonymous_28)
FN:1144,(anonymous_29)
FN:1151,(anonymous_30)
FN:1153,(anonymous_31)
FNF:32
FNH:0
FNDA:0,render
FNDA:0,(anonymous_1)
FNDA:0,(anonymous_2)
FNDA:0,(anonymous_3)
FNDA:0,(anonymous_4)
FNDA:0,(anonymous_5)
FNDA:0,(anonymous_6)
FNDA:0,(anonymous_7)
FNDA:0,(anonymous_8)
FNDA:0,(anonymous_9)
FNDA:0,(anonymous_10)
FNDA:0,(anonymous_11)
FNDA:0,(anonymous_12)
FNDA:0,(anonymous_13)
FNDA:0,(anonymous_14)
FNDA:0,(anonymous_15)
FNDA:0,(anonymous_16)
FNDA:0,(anonymous_17)
FNDA:0,(anonymous_18)
FNDA:0,(anonymous_19)
FNDA:0,(anonymous_20)
FNDA:0,(anonymous_21)
FNDA:0,(anonymous_22)
FNDA:0,(anonymous_23)
FNDA:0,(anonymous_24)
FNDA:0,(anonymous_25)
FNDA:0,(anonymous_26)
FNDA:0,(anonymous_27)
FNDA:0,(anonymous_28)
FNDA:0,(anonymous_29)
FNDA:0,(anonymous_30)
FNDA:0,(anonymous_31)
DA:4,0
DA:5,0
DA:8,0
DA:9,0
DA:10,0
DA:11,0
DA:12,0
DA:13,0
DA:49,0
DA:603,0
DA:605,0
DA:608,0
DA:609,0
DA:610,0
DA:613,0
DA:616,0
DA:622,0
DA:623,0
DA:626,0
DA:629,0
DA:632,0
DA:636,0
DA:639,0
DA:640,0
DA:643,0
DA:646,0
DA:649,0
DA:652,0
DA:653,0
DA:656,0
DA:659,0
DA:662,0
DA:665,0
DA:668,0
DA:671,0
DA:672,0
DA:675,0
DA:678,0
DA:681,0
DA:684,0
DA:687,0
DA:690,0
DA:691,0
DA:694,0
DA:697,0
DA:701,0
DA:704,0
DA:705,0
DA:708,0
DA:711,0
DA:714,0
DA:717,0
DA:720,0
DA:724,0
DA:727,0
DA:731,0
DA:734,0
DA:738,0
DA:741,0
DA:744,0
DA:747,0
DA:750,0
DA:754,0
DA:757,0
DA:761,0
DA:764,0
DA:768,0
DA:771,0
DA:774,0
DA:777,0
DA:780,0
DA:784,0
DA:787,0
DA:791,0
DA:794,0
DA:797,0
DA:800,0
DA:803,0
DA:806,0
DA:809,0
DA:812,0
DA:815,0
DA:818,0
DA:821,0
DA:826,0
DA:836,0
DA:841,0
DA:853,0
DA:856,0
DA:860,0
DA:864,0
DA:867,0
DA:870,0
DA:873,0
DA:876,0
DA:881,0
DA:891,0
DA:896,0
DA:908,0
DA:911,0
DA:915,0
DA:919,0
DA:920,0
DA:921,0
DA:924,0
DA:928,0
DA:929,0
DA:930,0
DA:931,0
DA:932,0
DA:935,0
DA:943,0
DA:948,0
DA:958,0
DA:963,0
DA:973,0
DA:978,0
DA:989,0
DA:991,0
DA:995,0
DA:1007,0
DA:1009,0
DA:1012,0
DA:1022,0
DA:1029,0
DA:1036,0
DA:1044,0
DA:1051,0
DA:1058,0
DA:1066,0
DA:1073,0
DA:1079,0
DA:1081,0
DA:1096,0
DA:1105,0
DA:1121,0
DA:1130,0
DA:1139,0
DA:1144,0
DA:1151,0
DA:1153,0
DA:1157,0
LF:142
LH:0
BRDA:934,0,0,0
BRDA:934,0,1,0
BRDA:935,1,0,0
BRDA:935,1,1,0
BRDA:943,2,0,0
BRDA:943,2,1,0
BRDA:951,3,0,0
BRDA:951,3,1,0
BRDA:958,4,0,0
BRDA:958,4,1,0
BRDA:966,5,0,0
BRDA:966,5,1,0
BRDA:966,6,0,0
BRDA:966,6,1,0
BRDA:966,7,0,0
BRDA:966,7,1,0
BRDA:973,8,0,0
BRDA:973,8,1,0
BRDA:981,9,0,0
BRDA:981,9,1,0
BRDA:981,10,0,0
BRDA:981,10,1,0
BRDA:981,11,0,0
BRDA:981,11,1,0
BRDA:989,12,0,0
BRDA:989,12,1,0
BRDA:990,13,0,0
BRDA:990,13,1,0
BRDA:991,14,0,0
BRDA:991,14,1,0
BRDA:1007,15,0,0
BRDA:1007,15,1,0
BRDA:1008,16,0,0
BRDA:1008,16,1,0
BRDA:1009,17,0,0
BRDA:1009,17,1,0
BRDA:1022,18,0,0
BRDA:1022,18,1,0
BRDA:1029,19,0,0
BRDA:1029,19,1,0
BRDA:1036,20,0,0
BRDA:1036,20,1,0
BRDA:1044,21,0,0
BRDA:1044,21,1,0
BRDA:1051,22,0,0
BRDA:1051,22,1,0
BRDA:1058,23,0,0
BRDA:1058,23,1,0
BRDA:1066,24,0,0
BRDA:1066,24,1,0
BRDA:1073,25,0,0
BRDA:1073,25,1,0
BRDA:1079,26,0,0
BRDA:1079,26,1,0
BRDA:1084,27,0,0
BRDA:1084,27,1,0
BRDA:1084,28,0,0
BRDA:1084,28,1,0
BRDA:1086,29,0,0
BRDA:1086,29,1,0
BRDA:1092,30,0,0
BRDA:1092,30,1,0
BRDA:1095,31,0,0
BRDA:1095,31,1,0
BRDA:1096,32,0,0
BRDA:1096,32,1,0
BRDA:1104,33,0,0
BRDA:1104,33,1,0
BRDA:1105,34,0,0
BRDA:1105,34,1,0
BRDA:1110,35,0,0
BRDA:1110,35,1,0
BRDA:1111,36,0,0
BRDA:1111,36,1,0
BRDA:1117,37,0,0
BRDA:1117,37,1,0
BRDA:1120,38,0,0
BRDA:1120,38,1,0
BRDA:1121,39,0,0
BRDA:1121,39,1,0
BRDA:1129,40,0,0
BRDA:1129,40,1,0
BRDA:1130,41,0,0
BRDA:1130,41,1,0
BRDA:1135,42,0,0
BRDA:1135,42,1,0
BRDA:1139,43,0,0
BRDA:1139,43,1,0
BRDA:1151,44,0,0
BRDA:1151,44,1,0
BRF:90
BRH:0
end_of_record
TN:
SF:src/views/VerifyResetPassword.vue
FN:77,render
FNF:1
FNH:1
FNDA:1,render
DA:4,1
DA:5,1
DA:8,1
DA:9,1
DA:70,1
DA:72,1
DA:75,1
DA:76,1
DA:78,1
DA:79,1
LF:10
LH:10
BRF:0
BRH:0
end_of_record
TN:
SF:src/views/ViewProfile.vue
FN:110,render
FN:128,(anonymous_1)
FN:137,(anonymous_2)
FNF:3
FNH:2
FNDA:1,render
FNDA:0,(anonymous_1)
FNDA:1,(anonymous_2)
DA:4,1
DA:5,1
DA:8,1
DA:9,1
DA:75,1
DA:77,1
DA:80,1
DA:81,1
DA:82,1
DA:85,1
DA:88,1
DA:91,1
DA:94,1
DA:97,1
DA:98,1
DA:101,1
DA:104,1
DA:105,1
DA:108,1
DA:111,1
DA:112,1
DA:113,1
DA:128,0
DA:137,1
DA:141,1
LF:25
LH:24
BRDA:120,0,0,0
BRDA:120,0,1,1
BRDA:128,1,0,1
BRDA:128,1,1,1
BRF:4
BRH:3
end_of_record
